
----- error_log : https://www.bnusd.cn/4321/wmapi/ : 1542007673 -----
<?xml version="1.0" encoding="utf-8"?>
<!DOCTYPE html PUBLIC "-//WAPFORUM//DTD XHTML Mobile 1.0//EN" "http://www.wapforum.org/DTD/xhtml-mobile10.dtd">
<html>
<head>
	<title>www.bnusd.cn - Mobile System Error</title>
	<meta http-equiv="Content-Type" content="text/html; charset=utf-8" />
	<meta name="ROBOTS" content="NOINDEX,NOFOLLOW,NOARCHIVE" />
	<style type="text/css">
	<!--
	body { background-color: white; color: black; }
	UL, LI { margin: 0; padding: 2px; list-style: none; }
	#message   { color: black; background-color: #FFFFCC; }
	#bodytitle { font: 11pt/13pt verdana, arial, sans-serif; height: 20px; vertical-align: top; }
	.bodytext  { font: 8pt/11pt verdana, arial, sans-serif; }
	.help  { font: 12px verdana, arial, sans-serif; color: red;}
	.red  {color: red;}
	a:link     { font: 8pt/11pt verdana, arial, sans-serif; color: red; }
	a:visited  { font: 8pt/11pt verdana, arial, sans-serif; color: #4e4e4e; }
	-->
	</style>
</head>
<body>
<table cellpadding="1" cellspacing="1" id="container">
<tr>
	<td id="bodytitle" width="100%">Discuz! Mobile System Error </td>
</tr><tr><td><hr size="1"/></td></tr>
<tr><td class="bodytext">Error messages: </td></tr>
<tr>
	<td class="bodytext" id="message">
		<ul> <li>您当前的访问请求当中含有非法字符，已经被系统拒绝</li></ul>
	</td>
</tr><tr>
	<td class="help"><br /><a href="http://www.bnusd.cn">www.bnusd.cn</a> 此错误给您带来的不便我们深感歉意</td>
</tr>
</table>
</body>
</html>

----- error_log : https://www.bnusd.cn/4321/wmapi/ : 1542007678 -----
<?xml version="1.0" encoding="utf-8"?>
<!DOCTYPE html PUBLIC "-//WAPFORUM//DTD XHTML Mobile 1.0//EN" "http://www.wapforum.org/DTD/xhtml-mobile10.dtd">
<html>
<head>
	<title>www.bnusd.cn - Mobile System Error</title>
	<meta http-equiv="Content-Type" content="text/html; charset=utf-8" />
	<meta name="ROBOTS" content="NOINDEX,NOFOLLOW,NOARCHIVE" />
	<style type="text/css">
	<!--
	body { background-color: white; color: black; }
	UL, LI { margin: 0; padding: 2px; list-style: none; }
	#message   { color: black; background-color: #FFFFCC; }
	#bodytitle { font: 11pt/13pt verdana, arial, sans-serif; height: 20px; vertical-align: top; }
	.bodytext  { font: 8pt/11pt verdana, arial, sans-serif; }
	.help  { font: 12px verdana, arial, sans-serif; color: red;}
	.red  {color: red;}
	a:link     { font: 8pt/11pt verdana, arial, sans-serif; color: red; }
	a:visited  { font: 8pt/11pt verdana, arial, sans-serif; color: #4e4e4e; }
	-->
	</style>
</head>
<body>
<table cellpadding="1" cellspacing="1" id="container">
<tr>
	<td id="bodytitle" width="100%">Discuz! Mobile System Error </td>
</tr><tr><td><hr size="1"/></td></tr>
<tr><td class="bodytext">Error messages: </td></tr>
<tr>
	<td class="bodytext" id="message">
		<ul> <li>您当前的访问请求当中含有非法字符，已经被系统拒绝</li></ul>
	</td>
</tr><tr>
	<td class="help"><br /><a href="http://www.bnusd.cn">www.bnusd.cn</a> 此错误给您带来的不便我们深感歉意</td>
</tr>
</table>
</body>
</html>

----- error_log : https://www.bnusd.cn/4321/wmapi/ : 1542007679 -----
<?xml version="1.0" encoding="utf-8"?>
<!DOCTYPE html PUBLIC "-//WAPFORUM//DTD XHTML Mobile 1.0//EN" "http://www.wapforum.org/DTD/xhtml-mobile10.dtd">
<html>
<head>
	<title>www.bnusd.cn - Mobile System Error</title>
	<meta http-equiv="Content-Type" content="text/html; charset=utf-8" />
	<meta name="ROBOTS" content="NOINDEX,NOFOLLOW,NOARCHIVE" />
	<style type="text/css">
	<!--
	body { background-color: white; color: black; }
	UL, LI { margin: 0; padding: 2px; list-style: none; }
	#message   { color: black; background-color: #FFFFCC; }
	#bodytitle { font: 11pt/13pt verdana, arial, sans-serif; height: 20px; vertical-align: top; }
	.bodytext  { font: 8pt/11pt verdana, arial, sans-serif; }
	.help  { font: 12px verdana, arial, sans-serif; color: red;}
	.red  {color: red;}
	a:link     { font: 8pt/11pt verdana, arial, sans-serif; color: red; }
	a:visited  { font: 8pt/11pt verdana, arial, sans-serif; color: #4e4e4e; }
	-->
	</style>
</head>
<body>
<table cellpadding="1" cellspacing="1" id="container">
<tr>
	<td id="bodytitle" width="100%">Discuz! Mobile System Error </td>
</tr><tr><td><hr size="1"/></td></tr>
<tr><td class="bodytext">Error messages: </td></tr>
<tr>
	<td class="bodytext" id="message">
		<ul> <li>您当前的访问请求当中含有非法字符，已经被系统拒绝</li></ul>
	</td>
</tr><tr>
	<td class="help"><br /><a href="http://www.bnusd.cn">www.bnusd.cn</a> 此错误给您带来的不便我们深感歉意</td>
</tr>
</table>
</body>
</html>

----- error_log : https://www.bnusd.cn/4321/wmapi/ : 1542007683 -----
<?xml version="1.0" encoding="utf-8"?>
<!DOCTYPE html PUBLIC "-//WAPFORUM//DTD XHTML Mobile 1.0//EN" "http://www.wapforum.org/DTD/xhtml-mobile10.dtd">
<html>
<head>
	<title>www.bnusd.cn - Mobile System Error</title>
	<meta http-equiv="Content-Type" content="text/html; charset=utf-8" />
	<meta name="ROBOTS" content="NOINDEX,NOFOLLOW,NOARCHIVE" />
	<style type="text/css">
	<!--
	body { background-color: white; color: black; }
	UL, LI { margin: 0; padding: 2px; list-style: none; }
	#message   { color: black; background-color: #FFFFCC; }
	#bodytitle { font: 11pt/13pt verdana, arial, sans-serif; height: 20px; vertical-align: top; }
	.bodytext  { font: 8pt/11pt verdana, arial, sans-serif; }
	.help  { font: 12px verdana, arial, sans-serif; color: red;}
	.red  {color: red;}
	a:link     { font: 8pt/11pt verdana, arial, sans-serif; color: red; }
	a:visited  { font: 8pt/11pt verdana, arial, sans-serif; color: #4e4e4e; }
	-->
	</style>
</head>
<body>
<table cellpadding="1" cellspacing="1" id="container">
<tr>
	<td id="bodytitle" width="100%">Discuz! Mobile System Error </td>
</tr><tr><td><hr size="1"/></td></tr>
<tr><td class="bodytext">Error messages: </td></tr>
<tr>
	<td class="bodytext" id="message">
		<ul> <li>您当前的访问请求当中含有非法字符，已经被系统拒绝</li></ul>
	</td>
</tr><tr>
	<td class="help"><br /><a href="http://www.bnusd.cn">www.bnusd.cn</a> 此错误给您带来的不便我们深感歉意</td>
</tr>
</table>
</body>
</html>

----- error_log : https://www.bnusd.cn/4321/wmapi/ : 1542007685 -----
<?xml version="1.0" encoding="utf-8"?>
<!DOCTYPE html PUBLIC "-//WAPFORUM//DTD XHTML Mobile 1.0//EN" "http://www.wapforum.org/DTD/xhtml-mobile10.dtd">
<html>
<head>
	<title>www.bnusd.cn - Mobile System Error</title>
	<meta http-equiv="Content-Type" content="text/html; charset=utf-8" />
	<meta name="ROBOTS" content="NOINDEX,NOFOLLOW,NOARCHIVE" />
	<style type="text/css">
	<!--
	body { background-color: white; color: black; }
	UL, LI { margin: 0; padding: 2px; list-style: none; }
	#message   { color: black; background-color: #FFFFCC; }
	#bodytitle { font: 11pt/13pt verdana, arial, sans-serif; height: 20px; vertical-align: top; }
	.bodytext  { font: 8pt/11pt verdana, arial, sans-serif; }
	.help  { font: 12px verdana, arial, sans-serif; color: red;}
	.red  {color: red;}
	a:link     { font: 8pt/11pt verdana, arial, sans-serif; color: red; }
	a:visited  { font: 8pt/11pt verdana, arial, sans-serif; color: #4e4e4e; }
	-->
	</style>
</head>
<body>
<table cellpadding="1" cellspacing="1" id="container">
<tr>
	<td id="bodytitle" width="100%">Discuz! Mobile System Error </td>
</tr><tr><td><hr size="1"/></td></tr>
<tr><td class="bodytext">Error messages: </td></tr>
<tr>
	<td class="bodytext" id="message">
		<ul> <li>您当前的访问请求当中含有非法字符，已经被系统拒绝</li></ul>
	</td>
</tr><tr>
	<td class="help"><br /><a href="http://www.bnusd.cn">www.bnusd.cn</a> 此错误给您带来的不便我们深感歉意</td>
</tr>
</table>
</body>
</html>

----- error_log : https://www.bnusd.cn/4321/wmapi/ : 1542007686 -----
<?xml version="1.0" encoding="utf-8"?>
<!DOCTYPE html PUBLIC "-//WAPFORUM//DTD XHTML Mobile 1.0//EN" "http://www.wapforum.org/DTD/xhtml-mobile10.dtd">
<html>
<head>
	<title>www.bnusd.cn - Mobile System Error</title>
	<meta http-equiv="Content-Type" content="text/html; charset=utf-8" />
	<meta name="ROBOTS" content="NOINDEX,NOFOLLOW,NOARCHIVE" />
	<style type="text/css">
	<!--
	body { background-color: white; color: black; }
	UL, LI { margin: 0; padding: 2px; list-style: none; }
	#message   { color: black; background-color: #FFFFCC; }
	#bodytitle { font: 11pt/13pt verdana, arial, sans-serif; height: 20px; vertical-align: top; }
	.bodytext  { font: 8pt/11pt verdana, arial, sans-serif; }
	.help  { font: 12px verdana, arial, sans-serif; color: red;}
	.red  {color: red;}
	a:link     { font: 8pt/11pt verdana, arial, sans-serif; color: red; }
	a:visited  { font: 8pt/11pt verdana, arial, sans-serif; color: #4e4e4e; }
	-->
	</style>
</head>
<body>
<table cellpadding="1" cellspacing="1" id="container">
<tr>
	<td id="bodytitle" width="100%">Discuz! Mobile System Error </td>
</tr><tr><td><hr size="1"/></td></tr>
<tr><td class="bodytext">Error messages: </td></tr>
<tr>
	<td class="bodytext" id="message">
		<ul> <li>您当前的访问请求当中含有非法字符，已经被系统拒绝</li></ul>
	</td>
</tr><tr>
	<td class="help"><br /><a href="http://www.bnusd.cn">www.bnusd.cn</a> 此错误给您带来的不便我们深感歉意</td>
</tr>
</table>
</body>
</html>

----- error_log : https://www.bnusd.cn/4321/wmapi/ : 1542007688 -----
<?xml version="1.0" encoding="utf-8"?>
<!DOCTYPE html PUBLIC "-//WAPFORUM//DTD XHTML Mobile 1.0//EN" "http://www.wapforum.org/DTD/xhtml-mobile10.dtd">
<html>
<head>
	<title>www.bnusd.cn - Mobile System Error</title>
	<meta http-equiv="Content-Type" content="text/html; charset=utf-8" />
	<meta name="ROBOTS" content="NOINDEX,NOFOLLOW,NOARCHIVE" />
	<style type="text/css">
	<!--
	body { background-color: white; color: black; }
	UL, LI { margin: 0; padding: 2px; list-style: none; }
	#message   { color: black; background-color: #FFFFCC; }
	#bodytitle { font: 11pt/13pt verdana, arial, sans-serif; height: 20px; vertical-align: top; }
	.bodytext  { font: 8pt/11pt verdana, arial, sans-serif; }
	.help  { font: 12px verdana, arial, sans-serif; color: red;}
	.red  {color: red;}
	a:link     { font: 8pt/11pt verdana, arial, sans-serif; color: red; }
	a:visited  { font: 8pt/11pt verdana, arial, sans-serif; color: #4e4e4e; }
	-->
	</style>
</head>
<body>
<table cellpadding="1" cellspacing="1" id="container">
<tr>
	<td id="bodytitle" width="100%">Discuz! Mobile System Error </td>
</tr><tr><td><hr size="1"/></td></tr>
<tr><td class="bodytext">Error messages: </td></tr>
<tr>
	<td class="bodytext" id="message">
		<ul> <li>您当前的访问请求当中含有非法字符，已经被系统拒绝</li></ul>
	</td>
</tr><tr>
	<td class="help"><br /><a href="http://www.bnusd.cn">www.bnusd.cn</a> 此错误给您带来的不便我们深感歉意</td>
</tr>
</table>
</body>
</html>

----- error_log : https://www.bnusd.cn/4321/wmapi/ : 1542007693 -----
<?xml version="1.0" encoding="utf-8"?>
<!DOCTYPE html PUBLIC "-//WAPFORUM//DTD XHTML Mobile 1.0//EN" "http://www.wapforum.org/DTD/xhtml-mobile10.dtd">
<html>
<head>
	<title>www.bnusd.cn - Mobile System Error</title>
	<meta http-equiv="Content-Type" content="text/html; charset=utf-8" />
	<meta name="ROBOTS" content="NOINDEX,NOFOLLOW,NOARCHIVE" />
	<style type="text/css">
	<!--
	body { background-color: white; color: black; }
	UL, LI { margin: 0; padding: 2px; list-style: none; }
	#message   { color: black; background-color: #FFFFCC; }
	#bodytitle { font: 11pt/13pt verdana, arial, sans-serif; height: 20px; vertical-align: top; }
	.bodytext  { font: 8pt/11pt verdana, arial, sans-serif; }
	.help  { font: 12px verdana, arial, sans-serif; color: red;}
	.red  {color: red;}
	a:link     { font: 8pt/11pt verdana, arial, sans-serif; color: red; }
	a:visited  { font: 8pt/11pt verdana, arial, sans-serif; color: #4e4e4e; }
	-->
	</style>
</head>
<body>
<table cellpadding="1" cellspacing="1" id="container">
<tr>
	<td id="bodytitle" width="100%">Discuz! Mobile System Error </td>
</tr><tr><td><hr size="1"/></td></tr>
<tr><td class="bodytext">Error messages: </td></tr>
<tr>
	<td class="bodytext" id="message">
		<ul> <li>您当前的访问请求当中含有非法字符，已经被系统拒绝</li></ul>
	</td>
</tr><tr>
	<td class="help"><br /><a href="http://www.bnusd.cn">www.bnusd.cn</a> 此错误给您带来的不便我们深感歉意</td>
</tr>
</table>
</body>
</html>

----- error_log : https://www.bnusd.cn/4321/wmapi/ : 1542007711 -----
<?xml version="1.0" encoding="utf-8"?>
<!DOCTYPE html PUBLIC "-//WAPFORUM//DTD XHTML Mobile 1.0//EN" "http://www.wapforum.org/DTD/xhtml-mobile10.dtd">
<html>
<head>
	<title>www.bnusd.cn - Mobile System Error</title>
	<meta http-equiv="Content-Type" content="text/html; charset=utf-8" />
	<meta name="ROBOTS" content="NOINDEX,NOFOLLOW,NOARCHIVE" />
	<style type="text/css">
	<!--
	body { background-color: white; color: black; }
	UL, LI { margin: 0; padding: 2px; list-style: none; }
	#message   { color: black; background-color: #FFFFCC; }
	#bodytitle { font: 11pt/13pt verdana, arial, sans-serif; height: 20px; vertical-align: top; }
	.bodytext  { font: 8pt/11pt verdana, arial, sans-serif; }
	.help  { font: 12px verdana, arial, sans-serif; color: red;}
	.red  {color: red;}
	a:link     { font: 8pt/11pt verdana, arial, sans-serif; color: red; }
	a:visited  { font: 8pt/11pt verdana, arial, sans-serif; color: #4e4e4e; }
	-->
	</style>
</head>
<body>
<table cellpadding="1" cellspacing="1" id="container">
<tr>
	<td id="bodytitle" width="100%">Discuz! Mobile System Error </td>
</tr><tr><td><hr size="1"/></td></tr>
<tr><td class="bodytext">Error messages: </td></tr>
<tr>
	<td class="bodytext" id="message">
		<ul> <li>您当前的访问请求当中含有非法字符，已经被系统拒绝</li></ul>
	</td>
</tr><tr>
	<td class="help"><br /><a href="http://www.bnusd.cn">www.bnusd.cn</a> 此错误给您带来的不便我们深感歉意</td>
</tr>
</table>
</body>
</html>

----- error_log : https://www.bnusd.cn/4321/wmapi/ : 1542007720 -----
<?xml version="1.0" encoding="utf-8"?>
<!DOCTYPE html PUBLIC "-//WAPFORUM//DTD XHTML Mobile 1.0//EN" "http://www.wapforum.org/DTD/xhtml-mobile10.dtd">
<html>
<head>
	<title>www.bnusd.cn - Mobile System Error</title>
	<meta http-equiv="Content-Type" content="text/html; charset=utf-8" />
	<meta name="ROBOTS" content="NOINDEX,NOFOLLOW,NOARCHIVE" />
	<style type="text/css">
	<!--
	body { background-color: white; color: black; }
	UL, LI { margin: 0; padding: 2px; list-style: none; }
	#message   { color: black; background-color: #FFFFCC; }
	#bodytitle { font: 11pt/13pt verdana, arial, sans-serif; height: 20px; vertical-align: top; }
	.bodytext  { font: 8pt/11pt verdana, arial, sans-serif; }
	.help  { font: 12px verdana, arial, sans-serif; color: red;}
	.red  {color: red;}
	a:link     { font: 8pt/11pt verdana, arial, sans-serif; color: red; }
	a:visited  { font: 8pt/11pt verdana, arial, sans-serif; color: #4e4e4e; }
	-->
	</style>
</head>
<body>
<table cellpadding="1" cellspacing="1" id="container">
<tr>
	<td id="bodytitle" width="100%">Discuz! Mobile System Error </td>
</tr><tr><td><hr size="1"/></td></tr>
<tr><td class="bodytext">Error messages: </td></tr>
<tr>
	<td class="bodytext" id="message">
		<ul> <li>您当前的访问请求当中含有非法字符，已经被系统拒绝</li></ul>
	</td>
</tr><tr>
	<td class="help"><br /><a href="http://www.bnusd.cn">www.bnusd.cn</a> 此错误给您带来的不便我们深感歉意</td>
</tr>
</table>
</body>
</html>

----- error_log : https://www.bnusd.cn/4321/wmapi/ : 1542007722 -----
<?xml version="1.0" encoding="utf-8"?>
<!DOCTYPE html PUBLIC "-//WAPFORUM//DTD XHTML Mobile 1.0//EN" "http://www.wapforum.org/DTD/xhtml-mobile10.dtd">
<html>
<head>
	<title>www.bnusd.cn - Mobile System Error</title>
	<meta http-equiv="Content-Type" content="text/html; charset=utf-8" />
	<meta name="ROBOTS" content="NOINDEX,NOFOLLOW,NOARCHIVE" />
	<style type="text/css">
	<!--
	body { background-color: white; color: black; }
	UL, LI { margin: 0; padding: 2px; list-style: none; }
	#message   { color: black; background-color: #FFFFCC; }
	#bodytitle { font: 11pt/13pt verdana, arial, sans-serif; height: 20px; vertical-align: top; }
	.bodytext  { font: 8pt/11pt verdana, arial, sans-serif; }
	.help  { font: 12px verdana, arial, sans-serif; color: red;}
	.red  {color: red;}
	a:link     { font: 8pt/11pt verdana, arial, sans-serif; color: red; }
	a:visited  { font: 8pt/11pt verdana, arial, sans-serif; color: #4e4e4e; }
	-->
	</style>
</head>
<body>
<table cellpadding="1" cellspacing="1" id="container">
<tr>
	<td id="bodytitle" width="100%">Discuz! Mobile System Error </td>
</tr><tr><td><hr size="1"/></td></tr>
<tr><td class="bodytext">Error messages: </td></tr>
<tr>
	<td class="bodytext" id="message">
		<ul> <li>您当前的访问请求当中含有非法字符，已经被系统拒绝</li></ul>
	</td>
</tr><tr>
	<td class="help"><br /><a href="http://www.bnusd.cn">www.bnusd.cn</a> 此错误给您带来的不便我们深感歉意</td>
</tr>
</table>
</body>
</html>

----- error_log : https://www.bnusd.cn/4321/wmapi/ : 1542007722 -----
<?xml version="1.0" encoding="utf-8"?>
<!DOCTYPE html PUBLIC "-//WAPFORUM//DTD XHTML Mobile 1.0//EN" "http://www.wapforum.org/DTD/xhtml-mobile10.dtd">
<html>
<head>
	<title>www.bnusd.cn - Mobile System Error</title>
	<meta http-equiv="Content-Type" content="text/html; charset=utf-8" />
	<meta name="ROBOTS" content="NOINDEX,NOFOLLOW,NOARCHIVE" />
	<style type="text/css">
	<!--
	body { background-color: white; color: black; }
	UL, LI { margin: 0; padding: 2px; list-style: none; }
	#message   { color: black; background-color: #FFFFCC; }
	#bodytitle { font: 11pt/13pt verdana, arial, sans-serif; height: 20px; vertical-align: top; }
	.bodytext  { font: 8pt/11pt verdana, arial, sans-serif; }
	.help  { font: 12px verdana, arial, sans-serif; color: red;}
	.red  {color: red;}
	a:link     { font: 8pt/11pt verdana, arial, sans-serif; color: red; }
	a:visited  { font: 8pt/11pt verdana, arial, sans-serif; color: #4e4e4e; }
	-->
	</style>
</head>
<body>
<table cellpadding="1" cellspacing="1" id="container">
<tr>
	<td id="bodytitle" width="100%">Discuz! Mobile System Error </td>
</tr><tr><td><hr size="1"/></td></tr>
<tr><td class="bodytext">Error messages: </td></tr>
<tr>
	<td class="bodytext" id="message">
		<ul> <li>您当前的访问请求当中含有非法字符，已经被系统拒绝</li></ul>
	</td>
</tr><tr>
	<td class="help"><br /><a href="http://www.bnusd.cn">www.bnusd.cn</a> 此错误给您带来的不便我们深感歉意</td>
</tr>
</table>
</body>
</html>

----- error_log : https://www.bnusd.cn/4321/wmapi/ : 1542007722 -----
<?xml version="1.0" encoding="utf-8"?>
<!DOCTYPE html PUBLIC "-//WAPFORUM//DTD XHTML Mobile 1.0//EN" "http://www.wapforum.org/DTD/xhtml-mobile10.dtd">
<html>
<head>
	<title>www.bnusd.cn - Mobile System Error</title>
	<meta http-equiv="Content-Type" content="text/html; charset=utf-8" />
	<meta name="ROBOTS" content="NOINDEX,NOFOLLOW,NOARCHIVE" />
	<style type="text/css">
	<!--
	body { background-color: white; color: black; }
	UL, LI { margin: 0; padding: 2px; list-style: none; }
	#message   { color: black; background-color: #FFFFCC; }
	#bodytitle { font: 11pt/13pt verdana, arial, sans-serif; height: 20px; vertical-align: top; }
	.bodytext  { font: 8pt/11pt verdana, arial, sans-serif; }
	.help  { font: 12px verdana, arial, sans-serif; color: red;}
	.red  {color: red;}
	a:link     { font: 8pt/11pt verdana, arial, sans-serif; color: red; }
	a:visited  { font: 8pt/11pt verdana, arial, sans-serif; color: #4e4e4e; }
	-->
	</style>
</head>
<body>
<table cellpadding="1" cellspacing="1" id="container">
<tr>
	<td id="bodytitle" width="100%">Discuz! Mobile System Error </td>
</tr><tr><td><hr size="1"/></td></tr>
<tr><td class="bodytext">Error messages: </td></tr>
<tr>
	<td class="bodytext" id="message">
		<ul> <li>您当前的访问请求当中含有非法字符，已经被系统拒绝</li></ul>
	</td>
</tr><tr>
	<td class="help"><br /><a href="http://www.bnusd.cn">www.bnusd.cn</a> 此错误给您带来的不便我们深感歉意</td>
</tr>
</table>
</body>
</html>

----- error_log : https://www.bnusd.cn/4321/wmapi/ : 1542007722 -----
<?xml version="1.0" encoding="utf-8"?>
<!DOCTYPE html PUBLIC "-//WAPFORUM//DTD XHTML Mobile 1.0//EN" "http://www.wapforum.org/DTD/xhtml-mobile10.dtd">
<html>
<head>
	<title>www.bnusd.cn - Mobile System Error</title>
	<meta http-equiv="Content-Type" content="text/html; charset=utf-8" />
	<meta name="ROBOTS" content="NOINDEX,NOFOLLOW,NOARCHIVE" />
	<style type="text/css">
	<!--
	body { background-color: white; color: black; }
	UL, LI { margin: 0; padding: 2px; list-style: none; }
	#message   { color: black; background-color: #FFFFCC; }
	#bodytitle { font: 11pt/13pt verdana, arial, sans-serif; height: 20px; vertical-align: top; }
	.bodytext  { font: 8pt/11pt verdana, arial, sans-serif; }
	.help  { font: 12px verdana, arial, sans-serif; color: red;}
	.red  {color: red;}
	a:link     { font: 8pt/11pt verdana, arial, sans-serif; color: red; }
	a:visited  { font: 8pt/11pt verdana, arial, sans-serif; color: #4e4e4e; }
	-->
	</style>
</head>
<body>
<table cellpadding="1" cellspacing="1" id="container">
<tr>
	<td id="bodytitle" width="100%">Discuz! Mobile System Error </td>
</tr><tr><td><hr size="1"/></td></tr>
<tr><td class="bodytext">Error messages: </td></tr>
<tr>
	<td class="bodytext" id="message">
		<ul> <li>您当前的访问请求当中含有非法字符，已经被系统拒绝</li></ul>
	</td>
</tr><tr>
	<td class="help"><br /><a href="http://www.bnusd.cn">www.bnusd.cn</a> 此错误给您带来的不便我们深感歉意</td>
</tr>
</table>
</body>
</html>

----- error_log : https://www.bnusd.cn/4321/wmapi/ : 1542007723 -----
<?xml version="1.0" encoding="utf-8"?>
<!DOCTYPE html PUBLIC "-//WAPFORUM//DTD XHTML Mobile 1.0//EN" "http://www.wapforum.org/DTD/xhtml-mobile10.dtd">
<html>
<head>
	<title>www.bnusd.cn - Mobile System Error</title>
	<meta http-equiv="Content-Type" content="text/html; charset=utf-8" />
	<meta name="ROBOTS" content="NOINDEX,NOFOLLOW,NOARCHIVE" />
	<style type="text/css">
	<!--
	body { background-color: white; color: black; }
	UL, LI { margin: 0; padding: 2px; list-style: none; }
	#message   { color: black; background-color: #FFFFCC; }
	#bodytitle { font: 11pt/13pt verdana, arial, sans-serif; height: 20px; vertical-align: top; }
	.bodytext  { font: 8pt/11pt verdana, arial, sans-serif; }
	.help  { font: 12px verdana, arial, sans-serif; color: red;}
	.red  {color: red;}
	a:link     { font: 8pt/11pt verdana, arial, sans-serif; color: red; }
	a:visited  { font: 8pt/11pt verdana, arial, sans-serif; color: #4e4e4e; }
	-->
	</style>
</head>
<body>
<table cellpadding="1" cellspacing="1" id="container">
<tr>
	<td id="bodytitle" width="100%">Discuz! Mobile System Error </td>
</tr><tr><td><hr size="1"/></td></tr>
<tr><td class="bodytext">Error messages: </td></tr>
<tr>
	<td class="bodytext" id="message">
		<ul> <li>您当前的访问请求当中含有非法字符，已经被系统拒绝</li></ul>
	</td>
</tr><tr>
	<td class="help"><br /><a href="http://www.bnusd.cn">www.bnusd.cn</a> 此错误给您带来的不便我们深感歉意</td>
</tr>
</table>
</body>
</html>

----- error_log : https://www.bnusd.cn/4321/wmapi/ : 1542007723 -----
<?xml version="1.0" encoding="utf-8"?>
<!DOCTYPE html PUBLIC "-//WAPFORUM//DTD XHTML Mobile 1.0//EN" "http://www.wapforum.org/DTD/xhtml-mobile10.dtd">
<html>
<head>
	<title>www.bnusd.cn - Mobile System Error</title>
	<meta http-equiv="Content-Type" content="text/html; charset=utf-8" />
	<meta name="ROBOTS" content="NOINDEX,NOFOLLOW,NOARCHIVE" />
	<style type="text/css">
	<!--
	body { background-color: white; color: black; }
	UL, LI { margin: 0; padding: 2px; list-style: none; }
	#message   { color: black; background-color: #FFFFCC; }
	#bodytitle { font: 11pt/13pt verdana, arial, sans-serif; height: 20px; vertical-align: top; }
	.bodytext  { font: 8pt/11pt verdana, arial, sans-serif; }
	.help  { font: 12px verdana, arial, sans-serif; color: red;}
	.red  {color: red;}
	a:link     { font: 8pt/11pt verdana, arial, sans-serif; color: red; }
	a:visited  { font: 8pt/11pt verdana, arial, sans-serif; color: #4e4e4e; }
	-->
	</style>
</head>
<body>
<table cellpadding="1" cellspacing="1" id="container">
<tr>
	<td id="bodytitle" width="100%">Discuz! Mobile System Error </td>
</tr><tr><td><hr size="1"/></td></tr>
<tr><td class="bodytext">Error messages: </td></tr>
<tr>
	<td class="bodytext" id="message">
		<ul> <li>您当前的访问请求当中含有非法字符，已经被系统拒绝</li></ul>
	</td>
</tr><tr>
	<td class="help"><br /><a href="http://www.bnusd.cn">www.bnusd.cn</a> 此错误给您带来的不便我们深感歉意</td>
</tr>
</table>
</body>
</html>

----- error_log : https://www.bnusd.cn/4321/wmapi/ : 1542007724 -----
<?xml version="1.0" encoding="utf-8"?>
<!DOCTYPE html PUBLIC "-//WAPFORUM//DTD XHTML Mobile 1.0//EN" "http://www.wapforum.org/DTD/xhtml-mobile10.dtd">
<html>
<head>
	<title>www.bnusd.cn - Mobile System Error</title>
	<meta http-equiv="Content-Type" content="text/html; charset=utf-8" />
	<meta name="ROBOTS" content="NOINDEX,NOFOLLOW,NOARCHIVE" />
	<style type="text/css">
	<!--
	body { background-color: white; color: black; }
	UL, LI { margin: 0; padding: 2px; list-style: none; }
	#message   { color: black; background-color: #FFFFCC; }
	#bodytitle { font: 11pt/13pt verdana, arial, sans-serif; height: 20px; vertical-align: top; }
	.bodytext  { font: 8pt/11pt verdana, arial, sans-serif; }
	.help  { font: 12px verdana, arial, sans-serif; color: red;}
	.red  {color: red;}
	a:link     { font: 8pt/11pt verdana, arial, sans-serif; color: red; }
	a:visited  { font: 8pt/11pt verdana, arial, sans-serif; color: #4e4e4e; }
	-->
	</style>
</head>
<body>
<table cellpadding="1" cellspacing="1" id="container">
<tr>
	<td id="bodytitle" width="100%">Discuz! Mobile System Error </td>
</tr><tr><td><hr size="1"/></td></tr>
<tr><td class="bodytext">Error messages: </td></tr>
<tr>
	<td class="bodytext" id="message">
		<ul> <li>您当前的访问请求当中含有非法字符，已经被系统拒绝</li></ul>
	</td>
</tr><tr>
	<td class="help"><br /><a href="http://www.bnusd.cn">www.bnusd.cn</a> 此错误给您带来的不便我们深感歉意</td>
</tr>
</table>
</body>
</html>

----- error_log : https://www.bnusd.cn/4321/wmapi/ : 1542007724 -----
<?xml version="1.0" encoding="utf-8"?>
<!DOCTYPE html PUBLIC "-//WAPFORUM//DTD XHTML Mobile 1.0//EN" "http://www.wapforum.org/DTD/xhtml-mobile10.dtd">
<html>
<head>
	<title>www.bnusd.cn - Mobile System Error</title>
	<meta http-equiv="Content-Type" content="text/html; charset=utf-8" />
	<meta name="ROBOTS" content="NOINDEX,NOFOLLOW,NOARCHIVE" />
	<style type="text/css">
	<!--
	body { background-color: white; color: black; }
	UL, LI { margin: 0; padding: 2px; list-style: none; }
	#message   { color: black; background-color: #FFFFCC; }
	#bodytitle { font: 11pt/13pt verdana, arial, sans-serif; height: 20px; vertical-align: top; }
	.bodytext  { font: 8pt/11pt verdana, arial, sans-serif; }
	.help  { font: 12px verdana, arial, sans-serif; color: red;}
	.red  {color: red;}
	a:link     { font: 8pt/11pt verdana, arial, sans-serif; color: red; }
	a:visited  { font: 8pt/11pt verdana, arial, sans-serif; color: #4e4e4e; }
	-->
	</style>
</head>
<body>
<table cellpadding="1" cellspacing="1" id="container">
<tr>
	<td id="bodytitle" width="100%">Discuz! Mobile System Error </td>
</tr><tr><td><hr size="1"/></td></tr>
<tr><td class="bodytext">Error messages: </td></tr>
<tr>
	<td class="bodytext" id="message">
		<ul> <li>您当前的访问请求当中含有非法字符，已经被系统拒绝</li></ul>
	</td>
</tr><tr>
	<td class="help"><br /><a href="http://www.bnusd.cn">www.bnusd.cn</a> 此错误给您带来的不便我们深感歉意</td>
</tr>
</table>
</body>
</html>

----- error_log : https://www.bnusd.cn/4321/wmapi/ : 1542007724 -----
<?xml version="1.0" encoding="utf-8"?>
<!DOCTYPE html PUBLIC "-//WAPFORUM//DTD XHTML Mobile 1.0//EN" "http://www.wapforum.org/DTD/xhtml-mobile10.dtd">
<html>
<head>
	<title>www.bnusd.cn - Mobile System Error</title>
	<meta http-equiv="Content-Type" content="text/html; charset=utf-8" />
	<meta name="ROBOTS" content="NOINDEX,NOFOLLOW,NOARCHIVE" />
	<style type="text/css">
	<!--
	body { background-color: white; color: black; }
	UL, LI { margin: 0; padding: 2px; list-style: none; }
	#message   { color: black; background-color: #FFFFCC; }
	#bodytitle { font: 11pt/13pt verdana, arial, sans-serif; height: 20px; vertical-align: top; }
	.bodytext  { font: 8pt/11pt verdana, arial, sans-serif; }
	.help  { font: 12px verdana, arial, sans-serif; color: red;}
	.red  {color: red;}
	a:link     { font: 8pt/11pt verdana, arial, sans-serif; color: red; }
	a:visited  { font: 8pt/11pt verdana, arial, sans-serif; color: #4e4e4e; }
	-->
	</style>
</head>
<body>
<table cellpadding="1" cellspacing="1" id="container">
<tr>
	<td id="bodytitle" width="100%">Discuz! Mobile System Error </td>
</tr><tr><td><hr size="1"/></td></tr>
<tr><td class="bodytext">Error messages: </td></tr>
<tr>
	<td class="bodytext" id="message">
		<ul> <li>您当前的访问请求当中含有非法字符，已经被系统拒绝</li></ul>
	</td>
</tr><tr>
	<td class="help"><br /><a href="http://www.bnusd.cn">www.bnusd.cn</a> 此错误给您带来的不便我们深感歉意</td>
</tr>
</table>
</body>
</html>

----- error_log : https://www.bnusd.cn/4321/wmapi/ : 1542007737 -----
<?xml version="1.0" encoding="utf-8"?>
<!DOCTYPE html PUBLIC "-//WAPFORUM//DTD XHTML Mobile 1.0//EN" "http://www.wapforum.org/DTD/xhtml-mobile10.dtd">
<html>
<head>
	<title>www.bnusd.cn - Mobile System Error</title>
	<meta http-equiv="Content-Type" content="text/html; charset=utf-8" />
	<meta name="ROBOTS" content="NOINDEX,NOFOLLOW,NOARCHIVE" />
	<style type="text/css">
	<!--
	body { background-color: white; color: black; }
	UL, LI { margin: 0; padding: 2px; list-style: none; }
	#message   { color: black; background-color: #FFFFCC; }
	#bodytitle { font: 11pt/13pt verdana, arial, sans-serif; height: 20px; vertical-align: top; }
	.bodytext  { font: 8pt/11pt verdana, arial, sans-serif; }
	.help  { font: 12px verdana, arial, sans-serif; color: red;}
	.red  {color: red;}
	a:link     { font: 8pt/11pt verdana, arial, sans-serif; color: red; }
	a:visited  { font: 8pt/11pt verdana, arial, sans-serif; color: #4e4e4e; }
	-->
	</style>
</head>
<body>
<table cellpadding="1" cellspacing="1" id="container">
<tr>
	<td id="bodytitle" width="100%">Discuz! Mobile System Error </td>
</tr><tr><td><hr size="1"/></td></tr>
<tr><td class="bodytext">Error messages: </td></tr>
<tr>
	<td class="bodytext" id="message">
		<ul> <li>您当前的访问请求当中含有非法字符，已经被系统拒绝</li></ul>
	</td>
</tr><tr>
	<td class="help"><br /><a href="http://www.bnusd.cn">www.bnusd.cn</a> 此错误给您带来的不便我们深感歉意</td>
</tr>
</table>
</body>
</html>

----- error_log : https://www.bnusd.cn/4321/wmapi/ : 1542007738 -----
<?xml version="1.0" encoding="utf-8"?>
<!DOCTYPE html PUBLIC "-//WAPFORUM//DTD XHTML Mobile 1.0//EN" "http://www.wapforum.org/DTD/xhtml-mobile10.dtd">
<html>
<head>
	<title>www.bnusd.cn - Mobile System Error</title>
	<meta http-equiv="Content-Type" content="text/html; charset=utf-8" />
	<meta name="ROBOTS" content="NOINDEX,NOFOLLOW,NOARCHIVE" />
	<style type="text/css">
	<!--
	body { background-color: white; color: black; }
	UL, LI { margin: 0; padding: 2px; list-style: none; }
	#message   { color: black; background-color: #FFFFCC; }
	#bodytitle { font: 11pt/13pt verdana, arial, sans-serif; height: 20px; vertical-align: top; }
	.bodytext  { font: 8pt/11pt verdana, arial, sans-serif; }
	.help  { font: 12px verdana, arial, sans-serif; color: red;}
	.red  {color: red;}
	a:link     { font: 8pt/11pt verdana, arial, sans-serif; color: red; }
	a:visited  { font: 8pt/11pt verdana, arial, sans-serif; color: #4e4e4e; }
	-->
	</style>
</head>
<body>
<table cellpadding="1" cellspacing="1" id="container">
<tr>
	<td id="bodytitle" width="100%">Discuz! Mobile System Error </td>
</tr><tr><td><hr size="1"/></td></tr>
<tr><td class="bodytext">Error messages: </td></tr>
<tr>
	<td class="bodytext" id="message">
		<ul> <li>您当前的访问请求当中含有非法字符，已经被系统拒绝</li></ul>
	</td>
</tr><tr>
	<td class="help"><br /><a href="http://www.bnusd.cn">www.bnusd.cn</a> 此错误给您带来的不便我们深感歉意</td>
</tr>
</table>
</body>
</html>

----- error_log : https://www.bnusd.cn/4321/wmapi/ : 1542007739 -----
<?xml version="1.0" encoding="utf-8"?>
<!DOCTYPE html PUBLIC "-//WAPFORUM//DTD XHTML Mobile 1.0//EN" "http://www.wapforum.org/DTD/xhtml-mobile10.dtd">
<html>
<head>
	<title>www.bnusd.cn - Mobile System Error</title>
	<meta http-equiv="Content-Type" content="text/html; charset=utf-8" />
	<meta name="ROBOTS" content="NOINDEX,NOFOLLOW,NOARCHIVE" />
	<style type="text/css">
	<!--
	body { background-color: white; color: black; }
	UL, LI { margin: 0; padding: 2px; list-style: none; }
	#message   { color: black; background-color: #FFFFCC; }
	#bodytitle { font: 11pt/13pt verdana, arial, sans-serif; height: 20px; vertical-align: top; }
	.bodytext  { font: 8pt/11pt verdana, arial, sans-serif; }
	.help  { font: 12px verdana, arial, sans-serif; color: red;}
	.red  {color: red;}
	a:link     { font: 8pt/11pt verdana, arial, sans-serif; color: red; }
	a:visited  { font: 8pt/11pt verdana, arial, sans-serif; color: #4e4e4e; }
	-->
	</style>
</head>
<body>
<table cellpadding="1" cellspacing="1" id="container">
<tr>
	<td id="bodytitle" width="100%">Discuz! Mobile System Error </td>
</tr><tr><td><hr size="1"/></td></tr>
<tr><td class="bodytext">Error messages: </td></tr>
<tr>
	<td class="bodytext" id="message">
		<ul> <li>您当前的访问请求当中含有非法字符，已经被系统拒绝</li></ul>
	</td>
</tr><tr>
	<td class="help"><br /><a href="http://www.bnusd.cn">www.bnusd.cn</a> 此错误给您带来的不便我们深感歉意</td>
</tr>
</table>
</body>
</html>

----- error_log : https://www.bnusd.cn/4321/wmapi/ : 1542007739 -----
<?xml version="1.0" encoding="utf-8"?>
<!DOCTYPE html PUBLIC "-//WAPFORUM//DTD XHTML Mobile 1.0//EN" "http://www.wapforum.org/DTD/xhtml-mobile10.dtd">
<html>
<head>
	<title>www.bnusd.cn - Mobile System Error</title>
	<meta http-equiv="Content-Type" content="text/html; charset=utf-8" />
	<meta name="ROBOTS" content="NOINDEX,NOFOLLOW,NOARCHIVE" />
	<style type="text/css">
	<!--
	body { background-color: white; color: black; }
	UL, LI { margin: 0; padding: 2px; list-style: none; }
	#message   { color: black; background-color: #FFFFCC; }
	#bodytitle { font: 11pt/13pt verdana, arial, sans-serif; height: 20px; vertical-align: top; }
	.bodytext  { font: 8pt/11pt verdana, arial, sans-serif; }
	.help  { font: 12px verdana, arial, sans-serif; color: red;}
	.red  {color: red;}
	a:link     { font: 8pt/11pt verdana, arial, sans-serif; color: red; }
	a:visited  { font: 8pt/11pt verdana, arial, sans-serif; color: #4e4e4e; }
	-->
	</style>
</head>
<body>
<table cellpadding="1" cellspacing="1" id="container">
<tr>
	<td id="bodytitle" width="100%">Discuz! Mobile System Error </td>
</tr><tr><td><hr size="1"/></td></tr>
<tr><td class="bodytext">Error messages: </td></tr>
<tr>
	<td class="bodytext" id="message">
		<ul> <li>您当前的访问请求当中含有非法字符，已经被系统拒绝</li></ul>
	</td>
</tr><tr>
	<td class="help"><br /><a href="http://www.bnusd.cn">www.bnusd.cn</a> 此错误给您带来的不便我们深感歉意</td>
</tr>
</table>
</body>
</html>

----- error_log : https://www.bnusd.cn/4321/wmapi/ : 1542007739 -----
<?xml version="1.0" encoding="utf-8"?>
<!DOCTYPE html PUBLIC "-//WAPFORUM//DTD XHTML Mobile 1.0//EN" "http://www.wapforum.org/DTD/xhtml-mobile10.dtd">
<html>
<head>
	<title>www.bnusd.cn - Mobile System Error</title>
	<meta http-equiv="Content-Type" content="text/html; charset=utf-8" />
	<meta name="ROBOTS" content="NOINDEX,NOFOLLOW,NOARCHIVE" />
	<style type="text/css">
	<!--
	body { background-color: white; color: black; }
	UL, LI { margin: 0; padding: 2px; list-style: none; }
	#message   { color: black; background-color: #FFFFCC; }
	#bodytitle { font: 11pt/13pt verdana, arial, sans-serif; height: 20px; vertical-align: top; }
	.bodytext  { font: 8pt/11pt verdana, arial, sans-serif; }
	.help  { font: 12px verdana, arial, sans-serif; color: red;}
	.red  {color: red;}
	a:link     { font: 8pt/11pt verdana, arial, sans-serif; color: red; }
	a:visited  { font: 8pt/11pt verdana, arial, sans-serif; color: #4e4e4e; }
	-->
	</style>
</head>
<body>
<table cellpadding="1" cellspacing="1" id="container">
<tr>
	<td id="bodytitle" width="100%">Discuz! Mobile System Error </td>
</tr><tr><td><hr size="1"/></td></tr>
<tr><td class="bodytext">Error messages: </td></tr>
<tr>
	<td class="bodytext" id="message">
		<ul> <li>您当前的访问请求当中含有非法字符，已经被系统拒绝</li></ul>
	</td>
</tr><tr>
	<td class="help"><br /><a href="http://www.bnusd.cn">www.bnusd.cn</a> 此错误给您带来的不便我们深感歉意</td>
</tr>
</table>
</body>
</html>

----- error_log : https://www.bnusd.cn/4321/wmapi/ : 1542007739 -----
<?xml version="1.0" encoding="utf-8"?>
<!DOCTYPE html PUBLIC "-//WAPFORUM//DTD XHTML Mobile 1.0//EN" "http://www.wapforum.org/DTD/xhtml-mobile10.dtd">
<html>
<head>
	<title>www.bnusd.cn - Mobile System Error</title>
	<meta http-equiv="Content-Type" content="text/html; charset=utf-8" />
	<meta name="ROBOTS" content="NOINDEX,NOFOLLOW,NOARCHIVE" />
	<style type="text/css">
	<!--
	body { background-color: white; color: black; }
	UL, LI { margin: 0; padding: 2px; list-style: none; }
	#message   { color: black; background-color: #FFFFCC; }
	#bodytitle { font: 11pt/13pt verdana, arial, sans-serif; height: 20px; vertical-align: top; }
	.bodytext  { font: 8pt/11pt verdana, arial, sans-serif; }
	.help  { font: 12px verdana, arial, sans-serif; color: red;}
	.red  {color: red;}
	a:link     { font: 8pt/11pt verdana, arial, sans-serif; color: red; }
	a:visited  { font: 8pt/11pt verdana, arial, sans-serif; color: #4e4e4e; }
	-->
	</style>
</head>
<body>
<table cellpadding="1" cellspacing="1" id="container">
<tr>
	<td id="bodytitle" width="100%">Discuz! Mobile System Error </td>
</tr><tr><td><hr size="1"/></td></tr>
<tr><td class="bodytext">Error messages: </td></tr>
<tr>
	<td class="bodytext" id="message">
		<ul> <li>您当前的访问请求当中含有非法字符，已经被系统拒绝</li></ul>
	</td>
</tr><tr>
	<td class="help"><br /><a href="http://www.bnusd.cn">www.bnusd.cn</a> 此错误给您带来的不便我们深感歉意</td>
</tr>
</table>
</body>
</html>

----- error_log : https://www.bnusd.cn/4321/wmapi/ : 1542007740 -----
<?xml version="1.0" encoding="utf-8"?>
<!DOCTYPE html PUBLIC "-//WAPFORUM//DTD XHTML Mobile 1.0//EN" "http://www.wapforum.org/DTD/xhtml-mobile10.dtd">
<html>
<head>
	<title>www.bnusd.cn - Mobile System Error</title>
	<meta http-equiv="Content-Type" content="text/html; charset=utf-8" />
	<meta name="ROBOTS" content="NOINDEX,NOFOLLOW,NOARCHIVE" />
	<style type="text/css">
	<!--
	body { background-color: white; color: black; }
	UL, LI { margin: 0; padding: 2px; list-style: none; }
	#message   { color: black; background-color: #FFFFCC; }
	#bodytitle { font: 11pt/13pt verdana, arial, sans-serif; height: 20px; vertical-align: top; }
	.bodytext  { font: 8pt/11pt verdana, arial, sans-serif; }
	.help  { font: 12px verdana, arial, sans-serif; color: red;}
	.red  {color: red;}
	a:link     { font: 8pt/11pt verdana, arial, sans-serif; color: red; }
	a:visited  { font: 8pt/11pt verdana, arial, sans-serif; color: #4e4e4e; }
	-->
	</style>
</head>
<body>
<table cellpadding="1" cellspacing="1" id="container">
<tr>
	<td id="bodytitle" width="100%">Discuz! Mobile System Error </td>
</tr><tr><td><hr size="1"/></td></tr>
<tr><td class="bodytext">Error messages: </td></tr>
<tr>
	<td class="bodytext" id="message">
		<ul> <li>您当前的访问请求当中含有非法字符，已经被系统拒绝</li></ul>
	</td>
</tr><tr>
	<td class="help"><br /><a href="http://www.bnusd.cn">www.bnusd.cn</a> 此错误给您带来的不便我们深感歉意</td>
</tr>
</table>
</body>
</html>

----- error_log : https://www.bnusd.cn/4321/wmapi/ : 1542007740 -----
<?xml version="1.0" encoding="utf-8"?>
<!DOCTYPE html PUBLIC "-//WAPFORUM//DTD XHTML Mobile 1.0//EN" "http://www.wapforum.org/DTD/xhtml-mobile10.dtd">
<html>
<head>
	<title>www.bnusd.cn - Mobile System Error</title>
	<meta http-equiv="Content-Type" content="text/html; charset=utf-8" />
	<meta name="ROBOTS" content="NOINDEX,NOFOLLOW,NOARCHIVE" />
	<style type="text/css">
	<!--
	body { background-color: white; color: black; }
	UL, LI { margin: 0; padding: 2px; list-style: none; }
	#message   { color: black; background-color: #FFFFCC; }
	#bodytitle { font: 11pt/13pt verdana, arial, sans-serif; height: 20px; vertical-align: top; }
	.bodytext  { font: 8pt/11pt verdana, arial, sans-serif; }
	.help  { font: 12px verdana, arial, sans-serif; color: red;}
	.red  {color: red;}
	a:link     { font: 8pt/11pt verdana, arial, sans-serif; color: red; }
	a:visited  { font: 8pt/11pt verdana, arial, sans-serif; color: #4e4e4e; }
	-->
	</style>
</head>
<body>
<table cellpadding="1" cellspacing="1" id="container">
<tr>
	<td id="bodytitle" width="100%">Discuz! Mobile System Error </td>
</tr><tr><td><hr size="1"/></td></tr>
<tr><td class="bodytext">Error messages: </td></tr>
<tr>
	<td class="bodytext" id="message">
		<ul> <li>您当前的访问请求当中含有非法字符，已经被系统拒绝</li></ul>
	</td>
</tr><tr>
	<td class="help"><br /><a href="http://www.bnusd.cn">www.bnusd.cn</a> 此错误给您带来的不便我们深感歉意</td>
</tr>
</table>
</body>
</html>

----- error_log : https://www.bnusd.cn/4321/wmapi/ : 1542007740 -----
<?xml version="1.0" encoding="utf-8"?>
<!DOCTYPE html PUBLIC "-//WAPFORUM//DTD XHTML Mobile 1.0//EN" "http://www.wapforum.org/DTD/xhtml-mobile10.dtd">
<html>
<head>
	<title>www.bnusd.cn - Mobile System Error</title>
	<meta http-equiv="Content-Type" content="text/html; charset=utf-8" />
	<meta name="ROBOTS" content="NOINDEX,NOFOLLOW,NOARCHIVE" />
	<style type="text/css">
	<!--
	body { background-color: white; color: black; }
	UL, LI { margin: 0; padding: 2px; list-style: none; }
	#message   { color: black; background-color: #FFFFCC; }
	#bodytitle { font: 11pt/13pt verdana, arial, sans-serif; height: 20px; vertical-align: top; }
	.bodytext  { font: 8pt/11pt verdana, arial, sans-serif; }
	.help  { font: 12px verdana, arial, sans-serif; color: red;}
	.red  {color: red;}
	a:link     { font: 8pt/11pt verdana, arial, sans-serif; color: red; }
	a:visited  { font: 8pt/11pt verdana, arial, sans-serif; color: #4e4e4e; }
	-->
	</style>
</head>
<body>
<table cellpadding="1" cellspacing="1" id="container">
<tr>
	<td id="bodytitle" width="100%">Discuz! Mobile System Error </td>
</tr><tr><td><hr size="1"/></td></tr>
<tr><td class="bodytext">Error messages: </td></tr>
<tr>
	<td class="bodytext" id="message">
		<ul> <li>您当前的访问请求当中含有非法字符，已经被系统拒绝</li></ul>
	</td>
</tr><tr>
	<td class="help"><br /><a href="http://www.bnusd.cn">www.bnusd.cn</a> 此错误给您带来的不便我们深感歉意</td>
</tr>
</table>
</body>
</html>

----- error_log : https://www.bnusd.cn/4321/wmapi/ : 1542007740 -----
<?xml version="1.0" encoding="utf-8"?>
<!DOCTYPE html PUBLIC "-//WAPFORUM//DTD XHTML Mobile 1.0//EN" "http://www.wapforum.org/DTD/xhtml-mobile10.dtd">
<html>
<head>
	<title>www.bnusd.cn - Mobile System Error</title>
	<meta http-equiv="Content-Type" content="text/html; charset=utf-8" />
	<meta name="ROBOTS" content="NOINDEX,NOFOLLOW,NOARCHIVE" />
	<style type="text/css">
	<!--
	body { background-color: white; color: black; }
	UL, LI { margin: 0; padding: 2px; list-style: none; }
	#message   { color: black; background-color: #FFFFCC; }
	#bodytitle { font: 11pt/13pt verdana, arial, sans-serif; height: 20px; vertical-align: top; }
	.bodytext  { font: 8pt/11pt verdana, arial, sans-serif; }
	.help  { font: 12px verdana, arial, sans-serif; color: red;}
	.red  {color: red;}
	a:link     { font: 8pt/11pt verdana, arial, sans-serif; color: red; }
	a:visited  { font: 8pt/11pt verdana, arial, sans-serif; color: #4e4e4e; }
	-->
	</style>
</head>
<body>
<table cellpadding="1" cellspacing="1" id="container">
<tr>
	<td id="bodytitle" width="100%">Discuz! Mobile System Error </td>
</tr><tr><td><hr size="1"/></td></tr>
<tr><td class="bodytext">Error messages: </td></tr>
<tr>
	<td class="bodytext" id="message">
		<ul> <li>您当前的访问请求当中含有非法字符，已经被系统拒绝</li></ul>
	</td>
</tr><tr>
	<td class="help"><br /><a href="http://www.bnusd.cn">www.bnusd.cn</a> 此错误给您带来的不便我们深感歉意</td>
</tr>
</table>
</body>
</html>

----- error_log : https://www.bnusd.cn/4321/wmapi/ : 1542007741 -----
<?xml version="1.0" encoding="utf-8"?>
<!DOCTYPE html PUBLIC "-//WAPFORUM//DTD XHTML Mobile 1.0//EN" "http://www.wapforum.org/DTD/xhtml-mobile10.dtd">
<html>
<head>
	<title>www.bnusd.cn - Mobile System Error</title>
	<meta http-equiv="Content-Type" content="text/html; charset=utf-8" />
	<meta name="ROBOTS" content="NOINDEX,NOFOLLOW,NOARCHIVE" />
	<style type="text/css">
	<!--
	body { background-color: white; color: black; }
	UL, LI { margin: 0; padding: 2px; list-style: none; }
	#message   { color: black; background-color: #FFFFCC; }
	#bodytitle { font: 11pt/13pt verdana, arial, sans-serif; height: 20px; vertical-align: top; }
	.bodytext  { font: 8pt/11pt verdana, arial, sans-serif; }
	.help  { font: 12px verdana, arial, sans-serif; color: red;}
	.red  {color: red;}
	a:link     { font: 8pt/11pt verdana, arial, sans-serif; color: red; }
	a:visited  { font: 8pt/11pt verdana, arial, sans-serif; color: #4e4e4e; }
	-->
	</style>
</head>
<body>
<table cellpadding="1" cellspacing="1" id="container">
<tr>
	<td id="bodytitle" width="100%">Discuz! Mobile System Error </td>
</tr><tr><td><hr size="1"/></td></tr>
<tr><td class="bodytext">Error messages: </td></tr>
<tr>
	<td class="bodytext" id="message">
		<ul> <li>您当前的访问请求当中含有非法字符，已经被系统拒绝</li></ul>
	</td>
</tr><tr>
	<td class="help"><br /><a href="http://www.bnusd.cn">www.bnusd.cn</a> 此错误给您带来的不便我们深感歉意</td>
</tr>
</table>
</body>
</html>

----- error_log : https://www.bnusd.cn/4321/wmapi/ : 1542007741 -----
<?xml version="1.0" encoding="utf-8"?>
<!DOCTYPE html PUBLIC "-//WAPFORUM//DTD XHTML Mobile 1.0//EN" "http://www.wapforum.org/DTD/xhtml-mobile10.dtd">
<html>
<head>
	<title>www.bnusd.cn - Mobile System Error</title>
	<meta http-equiv="Content-Type" content="text/html; charset=utf-8" />
	<meta name="ROBOTS" content="NOINDEX,NOFOLLOW,NOARCHIVE" />
	<style type="text/css">
	<!--
	body { background-color: white; color: black; }
	UL, LI { margin: 0; padding: 2px; list-style: none; }
	#message   { color: black; background-color: #FFFFCC; }
	#bodytitle { font: 11pt/13pt verdana, arial, sans-serif; height: 20px; vertical-align: top; }
	.bodytext  { font: 8pt/11pt verdana, arial, sans-serif; }
	.help  { font: 12px verdana, arial, sans-serif; color: red;}
	.red  {color: red;}
	a:link     { font: 8pt/11pt verdana, arial, sans-serif; color: red; }
	a:visited  { font: 8pt/11pt verdana, arial, sans-serif; color: #4e4e4e; }
	-->
	</style>
</head>
<body>
<table cellpadding="1" cellspacing="1" id="container">
<tr>
	<td id="bodytitle" width="100%">Discuz! Mobile System Error </td>
</tr><tr><td><hr size="1"/></td></tr>
<tr><td class="bodytext">Error messages: </td></tr>
<tr>
	<td class="bodytext" id="message">
		<ul> <li>您当前的访问请求当中含有非法字符，已经被系统拒绝</li></ul>
	</td>
</tr><tr>
	<td class="help"><br /><a href="http://www.bnusd.cn">www.bnusd.cn</a> 此错误给您带来的不便我们深感歉意</td>
</tr>
</table>
</body>
</html>

----- error_log : https://www.bnusd.cn/4321/wmapi/ : 1542007741 -----
<?xml version="1.0" encoding="utf-8"?>
<!DOCTYPE html PUBLIC "-//WAPFORUM//DTD XHTML Mobile 1.0//EN" "http://www.wapforum.org/DTD/xhtml-mobile10.dtd">
<html>
<head>
	<title>www.bnusd.cn - Mobile System Error</title>
	<meta http-equiv="Content-Type" content="text/html; charset=utf-8" />
	<meta name="ROBOTS" content="NOINDEX,NOFOLLOW,NOARCHIVE" />
	<style type="text/css">
	<!--
	body { background-color: white; color: black; }
	UL, LI { margin: 0; padding: 2px; list-style: none; }
	#message   { color: black; background-color: #FFFFCC; }
	#bodytitle { font: 11pt/13pt verdana, arial, sans-serif; height: 20px; vertical-align: top; }
	.bodytext  { font: 8pt/11pt verdana, arial, sans-serif; }
	.help  { font: 12px verdana, arial, sans-serif; color: red;}
	.red  {color: red;}
	a:link     { font: 8pt/11pt verdana, arial, sans-serif; color: red; }
	a:visited  { font: 8pt/11pt verdana, arial, sans-serif; color: #4e4e4e; }
	-->
	</style>
</head>
<body>
<table cellpadding="1" cellspacing="1" id="container">
<tr>
	<td id="bodytitle" width="100%">Discuz! Mobile System Error </td>
</tr><tr><td><hr size="1"/></td></tr>
<tr><td class="bodytext">Error messages: </td></tr>
<tr>
	<td class="bodytext" id="message">
		<ul> <li>您当前的访问请求当中含有非法字符，已经被系统拒绝</li></ul>
	</td>
</tr><tr>
	<td class="help"><br /><a href="http://www.bnusd.cn">www.bnusd.cn</a> 此错误给您带来的不便我们深感歉意</td>
</tr>
</table>
</body>
</html>

----- error_log : https://www.bnusd.cn/4321/wmapi/ : 1542007742 -----
<?xml version="1.0" encoding="utf-8"?>
<!DOCTYPE html PUBLIC "-//WAPFORUM//DTD XHTML Mobile 1.0//EN" "http://www.wapforum.org/DTD/xhtml-mobile10.dtd">
<html>
<head>
	<title>www.bnusd.cn - Mobile System Error</title>
	<meta http-equiv="Content-Type" content="text/html; charset=utf-8" />
	<meta name="ROBOTS" content="NOINDEX,NOFOLLOW,NOARCHIVE" />
	<style type="text/css">
	<!--
	body { background-color: white; color: black; }
	UL, LI { margin: 0; padding: 2px; list-style: none; }
	#message   { color: black; background-color: #FFFFCC; }
	#bodytitle { font: 11pt/13pt verdana, arial, sans-serif; height: 20px; vertical-align: top; }
	.bodytext  { font: 8pt/11pt verdana, arial, sans-serif; }
	.help  { font: 12px verdana, arial, sans-serif; color: red;}
	.red  {color: red;}
	a:link     { font: 8pt/11pt verdana, arial, sans-serif; color: red; }
	a:visited  { font: 8pt/11pt verdana, arial, sans-serif; color: #4e4e4e; }
	-->
	</style>
</head>
<body>
<table cellpadding="1" cellspacing="1" id="container">
<tr>
	<td id="bodytitle" width="100%">Discuz! Mobile System Error </td>
</tr><tr><td><hr size="1"/></td></tr>
<tr><td class="bodytext">Error messages: </td></tr>
<tr>
	<td class="bodytext" id="message">
		<ul> <li>您当前的访问请求当中含有非法字符，已经被系统拒绝</li></ul>
	</td>
</tr><tr>
	<td class="help"><br /><a href="http://www.bnusd.cn">www.bnusd.cn</a> 此错误给您带来的不便我们深感歉意</td>
</tr>
</table>
</body>
</html>

----- error_log : https://www.bnusd.cn/4321/wmapi/ : 1542007742 -----
<?xml version="1.0" encoding="utf-8"?>
<!DOCTYPE html PUBLIC "-//WAPFORUM//DTD XHTML Mobile 1.0//EN" "http://www.wapforum.org/DTD/xhtml-mobile10.dtd">
<html>
<head>
	<title>www.bnusd.cn - Mobile System Error</title>
	<meta http-equiv="Content-Type" content="text/html; charset=utf-8" />
	<meta name="ROBOTS" content="NOINDEX,NOFOLLOW,NOARCHIVE" />
	<style type="text/css">
	<!--
	body { background-color: white; color: black; }
	UL, LI { margin: 0; padding: 2px; list-style: none; }
	#message   { color: black; background-color: #FFFFCC; }
	#bodytitle { font: 11pt/13pt verdana, arial, sans-serif; height: 20px; vertical-align: top; }
	.bodytext  { font: 8pt/11pt verdana, arial, sans-serif; }
	.help  { font: 12px verdana, arial, sans-serif; color: red;}
	.red  {color: red;}
	a:link     { font: 8pt/11pt verdana, arial, sans-serif; color: red; }
	a:visited  { font: 8pt/11pt verdana, arial, sans-serif; color: #4e4e4e; }
	-->
	</style>
</head>
<body>
<table cellpadding="1" cellspacing="1" id="container">
<tr>
	<td id="bodytitle" width="100%">Discuz! Mobile System Error </td>
</tr><tr><td><hr size="1"/></td></tr>
<tr><td class="bodytext">Error messages: </td></tr>
<tr>
	<td class="bodytext" id="message">
		<ul> <li>您当前的访问请求当中含有非法字符，已经被系统拒绝</li></ul>
	</td>
</tr><tr>
	<td class="help"><br /><a href="http://www.bnusd.cn">www.bnusd.cn</a> 此错误给您带来的不便我们深感歉意</td>
</tr>
</table>
</body>
</html>

----- error_log : https://www.bnusd.cn/4321/wmapi/ : 1542007742 -----
<?xml version="1.0" encoding="utf-8"?>
<!DOCTYPE html PUBLIC "-//WAPFORUM//DTD XHTML Mobile 1.0//EN" "http://www.wapforum.org/DTD/xhtml-mobile10.dtd">
<html>
<head>
	<title>www.bnusd.cn - Mobile System Error</title>
	<meta http-equiv="Content-Type" content="text/html; charset=utf-8" />
	<meta name="ROBOTS" content="NOINDEX,NOFOLLOW,NOARCHIVE" />
	<style type="text/css">
	<!--
	body { background-color: white; color: black; }
	UL, LI { margin: 0; padding: 2px; list-style: none; }
	#message   { color: black; background-color: #FFFFCC; }
	#bodytitle { font: 11pt/13pt verdana, arial, sans-serif; height: 20px; vertical-align: top; }
	.bodytext  { font: 8pt/11pt verdana, arial, sans-serif; }
	.help  { font: 12px verdana, arial, sans-serif; color: red;}
	.red  {color: red;}
	a:link     { font: 8pt/11pt verdana, arial, sans-serif; color: red; }
	a:visited  { font: 8pt/11pt verdana, arial, sans-serif; color: #4e4e4e; }
	-->
	</style>
</head>
<body>
<table cellpadding="1" cellspacing="1" id="container">
<tr>
	<td id="bodytitle" width="100%">Discuz! Mobile System Error </td>
</tr><tr><td><hr size="1"/></td></tr>
<tr><td class="bodytext">Error messages: </td></tr>
<tr>
	<td class="bodytext" id="message">
		<ul> <li>您当前的访问请求当中含有非法字符，已经被系统拒绝</li></ul>
	</td>
</tr><tr>
	<td class="help"><br /><a href="http://www.bnusd.cn">www.bnusd.cn</a> 此错误给您带来的不便我们深感歉意</td>
</tr>
</table>
</body>
</html>

----- error_log : https://www.bnusd.cn/4321/wmapi/ : 1542007743 -----
<?xml version="1.0" encoding="utf-8"?>
<!DOCTYPE html PUBLIC "-//WAPFORUM//DTD XHTML Mobile 1.0//EN" "http://www.wapforum.org/DTD/xhtml-mobile10.dtd">
<html>
<head>
	<title>www.bnusd.cn - Mobile System Error</title>
	<meta http-equiv="Content-Type" content="text/html; charset=utf-8" />
	<meta name="ROBOTS" content="NOINDEX,NOFOLLOW,NOARCHIVE" />
	<style type="text/css">
	<!--
	body { background-color: white; color: black; }
	UL, LI { margin: 0; padding: 2px; list-style: none; }
	#message   { color: black; background-color: #FFFFCC; }
	#bodytitle { font: 11pt/13pt verdana, arial, sans-serif; height: 20px; vertical-align: top; }
	.bodytext  { font: 8pt/11pt verdana, arial, sans-serif; }
	.help  { font: 12px verdana, arial, sans-serif; color: red;}
	.red  {color: red;}
	a:link     { font: 8pt/11pt verdana, arial, sans-serif; color: red; }
	a:visited  { font: 8pt/11pt verdana, arial, sans-serif; color: #4e4e4e; }
	-->
	</style>
</head>
<body>
<table cellpadding="1" cellspacing="1" id="container">
<tr>
	<td id="bodytitle" width="100%">Discuz! Mobile System Error </td>
</tr><tr><td><hr size="1"/></td></tr>
<tr><td class="bodytext">Error messages: </td></tr>
<tr>
	<td class="bodytext" id="message">
		<ul> <li>您当前的访问请求当中含有非法字符，已经被系统拒绝</li></ul>
	</td>
</tr><tr>
	<td class="help"><br /><a href="http://www.bnusd.cn">www.bnusd.cn</a> 此错误给您带来的不便我们深感歉意</td>
</tr>
</table>
</body>
</html>

----- error_log : https://www.bnusd.cn/4321/wmapi/ : 1542007743 -----
<?xml version="1.0" encoding="utf-8"?>
<!DOCTYPE html PUBLIC "-//WAPFORUM//DTD XHTML Mobile 1.0//EN" "http://www.wapforum.org/DTD/xhtml-mobile10.dtd">
<html>
<head>
	<title>www.bnusd.cn - Mobile System Error</title>
	<meta http-equiv="Content-Type" content="text/html; charset=utf-8" />
	<meta name="ROBOTS" content="NOINDEX,NOFOLLOW,NOARCHIVE" />
	<style type="text/css">
	<!--
	body { background-color: white; color: black; }
	UL, LI { margin: 0; padding: 2px; list-style: none; }
	#message   { color: black; background-color: #FFFFCC; }
	#bodytitle { font: 11pt/13pt verdana, arial, sans-serif; height: 20px; vertical-align: top; }
	.bodytext  { font: 8pt/11pt verdana, arial, sans-serif; }
	.help  { font: 12px verdana, arial, sans-serif; color: red;}
	.red  {color: red;}
	a:link     { font: 8pt/11pt verdana, arial, sans-serif; color: red; }
	a:visited  { font: 8pt/11pt verdana, arial, sans-serif; color: #4e4e4e; }
	-->
	</style>
</head>
<body>
<table cellpadding="1" cellspacing="1" id="container">
<tr>
	<td id="bodytitle" width="100%">Discuz! Mobile System Error </td>
</tr><tr><td><hr size="1"/></td></tr>
<tr><td class="bodytext">Error messages: </td></tr>
<tr>
	<td class="bodytext" id="message">
		<ul> <li>您当前的访问请求当中含有非法字符，已经被系统拒绝</li></ul>
	</td>
</tr><tr>
	<td class="help"><br /><a href="http://www.bnusd.cn">www.bnusd.cn</a> 此错误给您带来的不便我们深感歉意</td>
</tr>
</table>
</body>
</html>

----- error_log : https://www.bnusd.cn/4321/wmapi/ : 1542007743 -----
<?xml version="1.0" encoding="utf-8"?>
<!DOCTYPE html PUBLIC "-//WAPFORUM//DTD XHTML Mobile 1.0//EN" "http://www.wapforum.org/DTD/xhtml-mobile10.dtd">
<html>
<head>
	<title>www.bnusd.cn - Mobile System Error</title>
	<meta http-equiv="Content-Type" content="text/html; charset=utf-8" />
	<meta name="ROBOTS" content="NOINDEX,NOFOLLOW,NOARCHIVE" />
	<style type="text/css">
	<!--
	body { background-color: white; color: black; }
	UL, LI { margin: 0; padding: 2px; list-style: none; }
	#message   { color: black; background-color: #FFFFCC; }
	#bodytitle { font: 11pt/13pt verdana, arial, sans-serif; height: 20px; vertical-align: top; }
	.bodytext  { font: 8pt/11pt verdana, arial, sans-serif; }
	.help  { font: 12px verdana, arial, sans-serif; color: red;}
	.red  {color: red;}
	a:link     { font: 8pt/11pt verdana, arial, sans-serif; color: red; }
	a:visited  { font: 8pt/11pt verdana, arial, sans-serif; color: #4e4e4e; }
	-->
	</style>
</head>
<body>
<table cellpadding="1" cellspacing="1" id="container">
<tr>
	<td id="bodytitle" width="100%">Discuz! Mobile System Error </td>
</tr><tr><td><hr size="1"/></td></tr>
<tr><td class="bodytext">Error messages: </td></tr>
<tr>
	<td class="bodytext" id="message">
		<ul> <li>您当前的访问请求当中含有非法字符，已经被系统拒绝</li></ul>
	</td>
</tr><tr>
	<td class="help"><br /><a href="http://www.bnusd.cn">www.bnusd.cn</a> 此错误给您带来的不便我们深感歉意</td>
</tr>
</table>
</body>
</html>

----- error_log : https://www.bnusd.cn/4321/wmapi/ : 1542007743 -----
<?xml version="1.0" encoding="utf-8"?>
<!DOCTYPE html PUBLIC "-//WAPFORUM//DTD XHTML Mobile 1.0//EN" "http://www.wapforum.org/DTD/xhtml-mobile10.dtd">
<html>
<head>
	<title>www.bnusd.cn - Mobile System Error</title>
	<meta http-equiv="Content-Type" content="text/html; charset=utf-8" />
	<meta name="ROBOTS" content="NOINDEX,NOFOLLOW,NOARCHIVE" />
	<style type="text/css">
	<!--
	body { background-color: white; color: black; }
	UL, LI { margin: 0; padding: 2px; list-style: none; }
	#message   { color: black; background-color: #FFFFCC; }
	#bodytitle { font: 11pt/13pt verdana, arial, sans-serif; height: 20px; vertical-align: top; }
	.bodytext  { font: 8pt/11pt verdana, arial, sans-serif; }
	.help  { font: 12px verdana, arial, sans-serif; color: red;}
	.red  {color: red;}
	a:link     { font: 8pt/11pt verdana, arial, sans-serif; color: red; }
	a:visited  { font: 8pt/11pt verdana, arial, sans-serif; color: #4e4e4e; }
	-->
	</style>
</head>
<body>
<table cellpadding="1" cellspacing="1" id="container">
<tr>
	<td id="bodytitle" width="100%">Discuz! Mobile System Error </td>
</tr><tr><td><hr size="1"/></td></tr>
<tr><td class="bodytext">Error messages: </td></tr>
<tr>
	<td class="bodytext" id="message">
		<ul> <li>您当前的访问请求当中含有非法字符，已经被系统拒绝</li></ul>
	</td>
</tr><tr>
	<td class="help"><br /><a href="http://www.bnusd.cn">www.bnusd.cn</a> 此错误给您带来的不便我们深感歉意</td>
</tr>
</table>
</body>
</html>

----- error_log : https://www.bnusd.cn/4321/wmapi/ : 1542007743 -----
<?xml version="1.0" encoding="utf-8"?>
<!DOCTYPE html PUBLIC "-//WAPFORUM//DTD XHTML Mobile 1.0//EN" "http://www.wapforum.org/DTD/xhtml-mobile10.dtd">
<html>
<head>
	<title>www.bnusd.cn - Mobile System Error</title>
	<meta http-equiv="Content-Type" content="text/html; charset=utf-8" />
	<meta name="ROBOTS" content="NOINDEX,NOFOLLOW,NOARCHIVE" />
	<style type="text/css">
	<!--
	body { background-color: white; color: black; }
	UL, LI { margin: 0; padding: 2px; list-style: none; }
	#message   { color: black; background-color: #FFFFCC; }
	#bodytitle { font: 11pt/13pt verdana, arial, sans-serif; height: 20px; vertical-align: top; }
	.bodytext  { font: 8pt/11pt verdana, arial, sans-serif; }
	.help  { font: 12px verdana, arial, sans-serif; color: red;}
	.red  {color: red;}
	a:link     { font: 8pt/11pt verdana, arial, sans-serif; color: red; }
	a:visited  { font: 8pt/11pt verdana, arial, sans-serif; color: #4e4e4e; }
	-->
	</style>
</head>
<body>
<table cellpadding="1" cellspacing="1" id="container">
<tr>
	<td id="bodytitle" width="100%">Discuz! Mobile System Error </td>
</tr><tr><td><hr size="1"/></td></tr>
<tr><td class="bodytext">Error messages: </td></tr>
<tr>
	<td class="bodytext" id="message">
		<ul> <li>您当前的访问请求当中含有非法字符，已经被系统拒绝</li></ul>
	</td>
</tr><tr>
	<td class="help"><br /><a href="http://www.bnusd.cn">www.bnusd.cn</a> 此错误给您带来的不便我们深感歉意</td>
</tr>
</table>
</body>
</html>

----- error_log : https://www.bnusd.cn/4321/wmapi/ : 1542007744 -----
<?xml version="1.0" encoding="utf-8"?>
<!DOCTYPE html PUBLIC "-//WAPFORUM//DTD XHTML Mobile 1.0//EN" "http://www.wapforum.org/DTD/xhtml-mobile10.dtd">
<html>
<head>
	<title>www.bnusd.cn - Mobile System Error</title>
	<meta http-equiv="Content-Type" content="text/html; charset=utf-8" />
	<meta name="ROBOTS" content="NOINDEX,NOFOLLOW,NOARCHIVE" />
	<style type="text/css">
	<!--
	body { background-color: white; color: black; }
	UL, LI { margin: 0; padding: 2px; list-style: none; }
	#message   { color: black; background-color: #FFFFCC; }
	#bodytitle { font: 11pt/13pt verdana, arial, sans-serif; height: 20px; vertical-align: top; }
	.bodytext  { font: 8pt/11pt verdana, arial, sans-serif; }
	.help  { font: 12px verdana, arial, sans-serif; color: red;}
	.red  {color: red;}
	a:link     { font: 8pt/11pt verdana, arial, sans-serif; color: red; }
	a:visited  { font: 8pt/11pt verdana, arial, sans-serif; color: #4e4e4e; }
	-->
	</style>
</head>
<body>
<table cellpadding="1" cellspacing="1" id="container">
<tr>
	<td id="bodytitle" width="100%">Discuz! Mobile System Error </td>
</tr><tr><td><hr size="1"/></td></tr>
<tr><td class="bodytext">Error messages: </td></tr>
<tr>
	<td class="bodytext" id="message">
		<ul> <li>您当前的访问请求当中含有非法字符，已经被系统拒绝</li></ul>
	</td>
</tr><tr>
	<td class="help"><br /><a href="http://www.bnusd.cn">www.bnusd.cn</a> 此错误给您带来的不便我们深感歉意</td>
</tr>
</table>
</body>
</html>

----- error_log : https://www.bnusd.cn/4321/wmapi/ : 1542007744 -----
<?xml version="1.0" encoding="utf-8"?>
<!DOCTYPE html PUBLIC "-//WAPFORUM//DTD XHTML Mobile 1.0//EN" "http://www.wapforum.org/DTD/xhtml-mobile10.dtd">
<html>
<head>
	<title>www.bnusd.cn - Mobile System Error</title>
	<meta http-equiv="Content-Type" content="text/html; charset=utf-8" />
	<meta name="ROBOTS" content="NOINDEX,NOFOLLOW,NOARCHIVE" />
	<style type="text/css">
	<!--
	body { background-color: white; color: black; }
	UL, LI { margin: 0; padding: 2px; list-style: none; }
	#message   { color: black; background-color: #FFFFCC; }
	#bodytitle { font: 11pt/13pt verdana, arial, sans-serif; height: 20px; vertical-align: top; }
	.bodytext  { font: 8pt/11pt verdana, arial, sans-serif; }
	.help  { font: 12px verdana, arial, sans-serif; color: red;}
	.red  {color: red;}
	a:link     { font: 8pt/11pt verdana, arial, sans-serif; color: red; }
	a:visited  { font: 8pt/11pt verdana, arial, sans-serif; color: #4e4e4e; }
	-->
	</style>
</head>
<body>
<table cellpadding="1" cellspacing="1" id="container">
<tr>
	<td id="bodytitle" width="100%">Discuz! Mobile System Error </td>
</tr><tr><td><hr size="1"/></td></tr>
<tr><td class="bodytext">Error messages: </td></tr>
<tr>
	<td class="bodytext" id="message">
		<ul> <li>您当前的访问请求当中含有非法字符，已经被系统拒绝</li></ul>
	</td>
</tr><tr>
	<td class="help"><br /><a href="http://www.bnusd.cn">www.bnusd.cn</a> 此错误给您带来的不便我们深感歉意</td>
</tr>
</table>
</body>
</html>

----- error_log : https://www.bnusd.cn/4321/wmapi/ : 1542007744 -----
<?xml version="1.0" encoding="utf-8"?>
<!DOCTYPE html PUBLIC "-//WAPFORUM//DTD XHTML Mobile 1.0//EN" "http://www.wapforum.org/DTD/xhtml-mobile10.dtd">
<html>
<head>
	<title>www.bnusd.cn - Mobile System Error</title>
	<meta http-equiv="Content-Type" content="text/html; charset=utf-8" />
	<meta name="ROBOTS" content="NOINDEX,NOFOLLOW,NOARCHIVE" />
	<style type="text/css">
	<!--
	body { background-color: white; color: black; }
	UL, LI { margin: 0; padding: 2px; list-style: none; }
	#message   { color: black; background-color: #FFFFCC; }
	#bodytitle { font: 11pt/13pt verdana, arial, sans-serif; height: 20px; vertical-align: top; }
	.bodytext  { font: 8pt/11pt verdana, arial, sans-serif; }
	.help  { font: 12px verdana, arial, sans-serif; color: red;}
	.red  {color: red;}
	a:link     { font: 8pt/11pt verdana, arial, sans-serif; color: red; }
	a:visited  { font: 8pt/11pt verdana, arial, sans-serif; color: #4e4e4e; }
	-->
	</style>
</head>
<body>
<table cellpadding="1" cellspacing="1" id="container">
<tr>
	<td id="bodytitle" width="100%">Discuz! Mobile System Error </td>
</tr><tr><td><hr size="1"/></td></tr>
<tr><td class="bodytext">Error messages: </td></tr>
<tr>
	<td class="bodytext" id="message">
		<ul> <li>您当前的访问请求当中含有非法字符，已经被系统拒绝</li></ul>
	</td>
</tr><tr>
	<td class="help"><br /><a href="http://www.bnusd.cn">www.bnusd.cn</a> 此错误给您带来的不便我们深感歉意</td>
</tr>
</table>
</body>
</html>

----- error_log : https://www.bnusd.cn/4321/wmapi/ : 1542007744 -----
<?xml version="1.0" encoding="utf-8"?>
<!DOCTYPE html PUBLIC "-//WAPFORUM//DTD XHTML Mobile 1.0//EN" "http://www.wapforum.org/DTD/xhtml-mobile10.dtd">
<html>
<head>
	<title>www.bnusd.cn - Mobile System Error</title>
	<meta http-equiv="Content-Type" content="text/html; charset=utf-8" />
	<meta name="ROBOTS" content="NOINDEX,NOFOLLOW,NOARCHIVE" />
	<style type="text/css">
	<!--
	body { background-color: white; color: black; }
	UL, LI { margin: 0; padding: 2px; list-style: none; }
	#message   { color: black; background-color: #FFFFCC; }
	#bodytitle { font: 11pt/13pt verdana, arial, sans-serif; height: 20px; vertical-align: top; }
	.bodytext  { font: 8pt/11pt verdana, arial, sans-serif; }
	.help  { font: 12px verdana, arial, sans-serif; color: red;}
	.red  {color: red;}
	a:link     { font: 8pt/11pt verdana, arial, sans-serif; color: red; }
	a:visited  { font: 8pt/11pt verdana, arial, sans-serif; color: #4e4e4e; }
	-->
	</style>
</head>
<body>
<table cellpadding="1" cellspacing="1" id="container">
<tr>
	<td id="bodytitle" width="100%">Discuz! Mobile System Error </td>
</tr><tr><td><hr size="1"/></td></tr>
<tr><td class="bodytext">Error messages: </td></tr>
<tr>
	<td class="bodytext" id="message">
		<ul> <li>您当前的访问请求当中含有非法字符，已经被系统拒绝</li></ul>
	</td>
</tr><tr>
	<td class="help"><br /><a href="http://www.bnusd.cn">www.bnusd.cn</a> 此错误给您带来的不便我们深感歉意</td>
</tr>
</table>
</body>
</html>

----- error_log : https://www.bnusd.cn/4321/wmapi/ : 1542007744 -----
<?xml version="1.0" encoding="utf-8"?>
<!DOCTYPE html PUBLIC "-//WAPFORUM//DTD XHTML Mobile 1.0//EN" "http://www.wapforum.org/DTD/xhtml-mobile10.dtd">
<html>
<head>
	<title>www.bnusd.cn - Mobile System Error</title>
	<meta http-equiv="Content-Type" content="text/html; charset=utf-8" />
	<meta name="ROBOTS" content="NOINDEX,NOFOLLOW,NOARCHIVE" />
	<style type="text/css">
	<!--
	body { background-color: white; color: black; }
	UL, LI { margin: 0; padding: 2px; list-style: none; }
	#message   { color: black; background-color: #FFFFCC; }
	#bodytitle { font: 11pt/13pt verdana, arial, sans-serif; height: 20px; vertical-align: top; }
	.bodytext  { font: 8pt/11pt verdana, arial, sans-serif; }
	.help  { font: 12px verdana, arial, sans-serif; color: red;}
	.red  {color: red;}
	a:link     { font: 8pt/11pt verdana, arial, sans-serif; color: red; }
	a:visited  { font: 8pt/11pt verdana, arial, sans-serif; color: #4e4e4e; }
	-->
	</style>
</head>
<body>
<table cellpadding="1" cellspacing="1" id="container">
<tr>
	<td id="bodytitle" width="100%">Discuz! Mobile System Error </td>
</tr><tr><td><hr size="1"/></td></tr>
<tr><td class="bodytext">Error messages: </td></tr>
<tr>
	<td class="bodytext" id="message">
		<ul> <li>您当前的访问请求当中含有非法字符，已经被系统拒绝</li></ul>
	</td>
</tr><tr>
	<td class="help"><br /><a href="http://www.bnusd.cn">www.bnusd.cn</a> 此错误给您带来的不便我们深感歉意</td>
</tr>
</table>
</body>
</html>

----- error_log : https://www.bnusd.cn/4321/wmapi/ : 1542007745 -----
<?xml version="1.0" encoding="utf-8"?>
<!DOCTYPE html PUBLIC "-//WAPFORUM//DTD XHTML Mobile 1.0//EN" "http://www.wapforum.org/DTD/xhtml-mobile10.dtd">
<html>
<head>
	<title>www.bnusd.cn - Mobile System Error</title>
	<meta http-equiv="Content-Type" content="text/html; charset=utf-8" />
	<meta name="ROBOTS" content="NOINDEX,NOFOLLOW,NOARCHIVE" />
	<style type="text/css">
	<!--
	body { background-color: white; color: black; }
	UL, LI { margin: 0; padding: 2px; list-style: none; }
	#message   { color: black; background-color: #FFFFCC; }
	#bodytitle { font: 11pt/13pt verdana, arial, sans-serif; height: 20px; vertical-align: top; }
	.bodytext  { font: 8pt/11pt verdana, arial, sans-serif; }
	.help  { font: 12px verdana, arial, sans-serif; color: red;}
	.red  {color: red;}
	a:link     { font: 8pt/11pt verdana, arial, sans-serif; color: red; }
	a:visited  { font: 8pt/11pt verdana, arial, sans-serif; color: #4e4e4e; }
	-->
	</style>
</head>
<body>
<table cellpadding="1" cellspacing="1" id="container">
<tr>
	<td id="bodytitle" width="100%">Discuz! Mobile System Error </td>
</tr><tr><td><hr size="1"/></td></tr>
<tr><td class="bodytext">Error messages: </td></tr>
<tr>
	<td class="bodytext" id="message">
		<ul> <li>您当前的访问请求当中含有非法字符，已经被系统拒绝</li></ul>
	</td>
</tr><tr>
	<td class="help"><br /><a href="http://www.bnusd.cn">www.bnusd.cn</a> 此错误给您带来的不便我们深感歉意</td>
</tr>
</table>
</body>
</html>

----- error_log : https://www.bnusd.cn/4321/wmapi/ : 1542007745 -----
<?xml version="1.0" encoding="utf-8"?>
<!DOCTYPE html PUBLIC "-//WAPFORUM//DTD XHTML Mobile 1.0//EN" "http://www.wapforum.org/DTD/xhtml-mobile10.dtd">
<html>
<head>
	<title>www.bnusd.cn - Mobile System Error</title>
	<meta http-equiv="Content-Type" content="text/html; charset=utf-8" />
	<meta name="ROBOTS" content="NOINDEX,NOFOLLOW,NOARCHIVE" />
	<style type="text/css">
	<!--
	body { background-color: white; color: black; }
	UL, LI { margin: 0; padding: 2px; list-style: none; }
	#message   { color: black; background-color: #FFFFCC; }
	#bodytitle { font: 11pt/13pt verdana, arial, sans-serif; height: 20px; vertical-align: top; }
	.bodytext  { font: 8pt/11pt verdana, arial, sans-serif; }
	.help  { font: 12px verdana, arial, sans-serif; color: red;}
	.red  {color: red;}
	a:link     { font: 8pt/11pt verdana, arial, sans-serif; color: red; }
	a:visited  { font: 8pt/11pt verdana, arial, sans-serif; color: #4e4e4e; }
	-->
	</style>
</head>
<body>
<table cellpadding="1" cellspacing="1" id="container">
<tr>
	<td id="bodytitle" width="100%">Discuz! Mobile System Error </td>
</tr><tr><td><hr size="1"/></td></tr>
<tr><td class="bodytext">Error messages: </td></tr>
<tr>
	<td class="bodytext" id="message">
		<ul> <li>您当前的访问请求当中含有非法字符，已经被系统拒绝</li></ul>
	</td>
</tr><tr>
	<td class="help"><br /><a href="http://www.bnusd.cn">www.bnusd.cn</a> 此错误给您带来的不便我们深感歉意</td>
</tr>
</table>
</body>
</html>

----- error_log : https://www.bnusd.cn/4321/wmapi/ : 1542007745 -----
<?xml version="1.0" encoding="utf-8"?>
<!DOCTYPE html PUBLIC "-//WAPFORUM//DTD XHTML Mobile 1.0//EN" "http://www.wapforum.org/DTD/xhtml-mobile10.dtd">
<html>
<head>
	<title>www.bnusd.cn - Mobile System Error</title>
	<meta http-equiv="Content-Type" content="text/html; charset=utf-8" />
	<meta name="ROBOTS" content="NOINDEX,NOFOLLOW,NOARCHIVE" />
	<style type="text/css">
	<!--
	body { background-color: white; color: black; }
	UL, LI { margin: 0; padding: 2px; list-style: none; }
	#message   { color: black; background-color: #FFFFCC; }
	#bodytitle { font: 11pt/13pt verdana, arial, sans-serif; height: 20px; vertical-align: top; }
	.bodytext  { font: 8pt/11pt verdana, arial, sans-serif; }
	.help  { font: 12px verdana, arial, sans-serif; color: red;}
	.red  {color: red;}
	a:link     { font: 8pt/11pt verdana, arial, sans-serif; color: red; }
	a:visited  { font: 8pt/11pt verdana, arial, sans-serif; color: #4e4e4e; }
	-->
	</style>
</head>
<body>
<table cellpadding="1" cellspacing="1" id="container">
<tr>
	<td id="bodytitle" width="100%">Discuz! Mobile System Error </td>
</tr><tr><td><hr size="1"/></td></tr>
<tr><td class="bodytext">Error messages: </td></tr>
<tr>
	<td class="bodytext" id="message">
		<ul> <li>您当前的访问请求当中含有非法字符，已经被系统拒绝</li></ul>
	</td>
</tr><tr>
	<td class="help"><br /><a href="http://www.bnusd.cn">www.bnusd.cn</a> 此错误给您带来的不便我们深感歉意</td>
</tr>
</table>
</body>
</html>

----- error_log : https://www.bnusd.cn/4321/wmapi/ : 1542007745 -----
<?xml version="1.0" encoding="utf-8"?>
<!DOCTYPE html PUBLIC "-//WAPFORUM//DTD XHTML Mobile 1.0//EN" "http://www.wapforum.org/DTD/xhtml-mobile10.dtd">
<html>
<head>
	<title>www.bnusd.cn - Mobile System Error</title>
	<meta http-equiv="Content-Type" content="text/html; charset=utf-8" />
	<meta name="ROBOTS" content="NOINDEX,NOFOLLOW,NOARCHIVE" />
	<style type="text/css">
	<!--
	body { background-color: white; color: black; }
	UL, LI { margin: 0; padding: 2px; list-style: none; }
	#message   { color: black; background-color: #FFFFCC; }
	#bodytitle { font: 11pt/13pt verdana, arial, sans-serif; height: 20px; vertical-align: top; }
	.bodytext  { font: 8pt/11pt verdana, arial, sans-serif; }
	.help  { font: 12px verdana, arial, sans-serif; color: red;}
	.red  {color: red;}
	a:link     { font: 8pt/11pt verdana, arial, sans-serif; color: red; }
	a:visited  { font: 8pt/11pt verdana, arial, sans-serif; color: #4e4e4e; }
	-->
	</style>
</head>
<body>
<table cellpadding="1" cellspacing="1" id="container">
<tr>
	<td id="bodytitle" width="100%">Discuz! Mobile System Error </td>
</tr><tr><td><hr size="1"/></td></tr>
<tr><td class="bodytext">Error messages: </td></tr>
<tr>
	<td class="bodytext" id="message">
		<ul> <li>您当前的访问请求当中含有非法字符，已经被系统拒绝</li></ul>
	</td>
</tr><tr>
	<td class="help"><br /><a href="http://www.bnusd.cn">www.bnusd.cn</a> 此错误给您带来的不便我们深感歉意</td>
</tr>
</table>
</body>
</html>

----- error_log : https://www.bnusd.cn/4321/wmapi/ : 1542007770 -----
<?xml version="1.0" encoding="utf-8"?>
<!DOCTYPE html PUBLIC "-//WAPFORUM//DTD XHTML Mobile 1.0//EN" "http://www.wapforum.org/DTD/xhtml-mobile10.dtd">
<html>
<head>
	<title>www.bnusd.cn - Mobile System Error</title>
	<meta http-equiv="Content-Type" content="text/html; charset=utf-8" />
	<meta name="ROBOTS" content="NOINDEX,NOFOLLOW,NOARCHIVE" />
	<style type="text/css">
	<!--
	body { background-color: white; color: black; }
	UL, LI { margin: 0; padding: 2px; list-style: none; }
	#message   { color: black; background-color: #FFFFCC; }
	#bodytitle { font: 11pt/13pt verdana, arial, sans-serif; height: 20px; vertical-align: top; }
	.bodytext  { font: 8pt/11pt verdana, arial, sans-serif; }
	.help  { font: 12px verdana, arial, sans-serif; color: red;}
	.red  {color: red;}
	a:link     { font: 8pt/11pt verdana, arial, sans-serif; color: red; }
	a:visited  { font: 8pt/11pt verdana, arial, sans-serif; color: #4e4e4e; }
	-->
	</style>
</head>
<body>
<table cellpadding="1" cellspacing="1" id="container">
<tr>
	<td id="bodytitle" width="100%">Discuz! Mobile System Error </td>
</tr><tr><td><hr size="1"/></td></tr>
<tr><td class="bodytext">Error messages: </td></tr>
<tr>
	<td class="bodytext" id="message">
		<ul> <li>您当前的访问请求当中含有非法字符，已经被系统拒绝</li></ul>
	</td>
</tr><tr>
	<td class="help"><br /><a href="http://www.bnusd.cn">www.bnusd.cn</a> 此错误给您带来的不便我们深感歉意</td>
</tr>
</table>
</body>
</html>

----- error_log : https://www.bnusd.cn/4321/wmapi/ : 1542007771 -----
<?xml version="1.0" encoding="utf-8"?>
<!DOCTYPE html PUBLIC "-//WAPFORUM//DTD XHTML Mobile 1.0//EN" "http://www.wapforum.org/DTD/xhtml-mobile10.dtd">
<html>
<head>
	<title>www.bnusd.cn - Mobile System Error</title>
	<meta http-equiv="Content-Type" content="text/html; charset=utf-8" />
	<meta name="ROBOTS" content="NOINDEX,NOFOLLOW,NOARCHIVE" />
	<style type="text/css">
	<!--
	body { background-color: white; color: black; }
	UL, LI { margin: 0; padding: 2px; list-style: none; }
	#message   { color: black; background-color: #FFFFCC; }
	#bodytitle { font: 11pt/13pt verdana, arial, sans-serif; height: 20px; vertical-align: top; }
	.bodytext  { font: 8pt/11pt verdana, arial, sans-serif; }
	.help  { font: 12px verdana, arial, sans-serif; color: red;}
	.red  {color: red;}
	a:link     { font: 8pt/11pt verdana, arial, sans-serif; color: red; }
	a:visited  { font: 8pt/11pt verdana, arial, sans-serif; color: #4e4e4e; }
	-->
	</style>
</head>
<body>
<table cellpadding="1" cellspacing="1" id="container">
<tr>
	<td id="bodytitle" width="100%">Discuz! Mobile System Error </td>
</tr><tr><td><hr size="1"/></td></tr>
<tr><td class="bodytext">Error messages: </td></tr>
<tr>
	<td class="bodytext" id="message">
		<ul> <li>您当前的访问请求当中含有非法字符，已经被系统拒绝</li></ul>
	</td>
</tr><tr>
	<td class="help"><br /><a href="http://www.bnusd.cn">www.bnusd.cn</a> 此错误给您带来的不便我们深感歉意</td>
</tr>
</table>
</body>
</html>

----- error_log : https://www.bnusd.cn/4321/wmapi/ : 1542007772 -----
<?xml version="1.0" encoding="utf-8"?>
<!DOCTYPE html PUBLIC "-//WAPFORUM//DTD XHTML Mobile 1.0//EN" "http://www.wapforum.org/DTD/xhtml-mobile10.dtd">
<html>
<head>
	<title>www.bnusd.cn - Mobile System Error</title>
	<meta http-equiv="Content-Type" content="text/html; charset=utf-8" />
	<meta name="ROBOTS" content="NOINDEX,NOFOLLOW,NOARCHIVE" />
	<style type="text/css">
	<!--
	body { background-color: white; color: black; }
	UL, LI { margin: 0; padding: 2px; list-style: none; }
	#message   { color: black; background-color: #FFFFCC; }
	#bodytitle { font: 11pt/13pt verdana, arial, sans-serif; height: 20px; vertical-align: top; }
	.bodytext  { font: 8pt/11pt verdana, arial, sans-serif; }
	.help  { font: 12px verdana, arial, sans-serif; color: red;}
	.red  {color: red;}
	a:link     { font: 8pt/11pt verdana, arial, sans-serif; color: red; }
	a:visited  { font: 8pt/11pt verdana, arial, sans-serif; color: #4e4e4e; }
	-->
	</style>
</head>
<body>
<table cellpadding="1" cellspacing="1" id="container">
<tr>
	<td id="bodytitle" width="100%">Discuz! Mobile System Error </td>
</tr><tr><td><hr size="1"/></td></tr>
<tr><td class="bodytext">Error messages: </td></tr>
<tr>
	<td class="bodytext" id="message">
		<ul> <li>您当前的访问请求当中含有非法字符，已经被系统拒绝</li></ul>
	</td>
</tr><tr>
	<td class="help"><br /><a href="http://www.bnusd.cn">www.bnusd.cn</a> 此错误给您带来的不便我们深感歉意</td>
</tr>
</table>
</body>
</html>

----- error_log : https://www.bnusd.cn/4321/wmapi/ : 1542007772 -----
<?xml version="1.0" encoding="utf-8"?>
<!DOCTYPE html PUBLIC "-//WAPFORUM//DTD XHTML Mobile 1.0//EN" "http://www.wapforum.org/DTD/xhtml-mobile10.dtd">
<html>
<head>
	<title>www.bnusd.cn - Mobile System Error</title>
	<meta http-equiv="Content-Type" content="text/html; charset=utf-8" />
	<meta name="ROBOTS" content="NOINDEX,NOFOLLOW,NOARCHIVE" />
	<style type="text/css">
	<!--
	body { background-color: white; color: black; }
	UL, LI { margin: 0; padding: 2px; list-style: none; }
	#message   { color: black; background-color: #FFFFCC; }
	#bodytitle { font: 11pt/13pt verdana, arial, sans-serif; height: 20px; vertical-align: top; }
	.bodytext  { font: 8pt/11pt verdana, arial, sans-serif; }
	.help  { font: 12px verdana, arial, sans-serif; color: red;}
	.red  {color: red;}
	a:link     { font: 8pt/11pt verdana, arial, sans-serif; color: red; }
	a:visited  { font: 8pt/11pt verdana, arial, sans-serif; color: #4e4e4e; }
	-->
	</style>
</head>
<body>
<table cellpadding="1" cellspacing="1" id="container">
<tr>
	<td id="bodytitle" width="100%">Discuz! Mobile System Error </td>
</tr><tr><td><hr size="1"/></td></tr>
<tr><td class="bodytext">Error messages: </td></tr>
<tr>
	<td class="bodytext" id="message">
		<ul> <li>您当前的访问请求当中含有非法字符，已经被系统拒绝</li></ul>
	</td>
</tr><tr>
	<td class="help"><br /><a href="http://www.bnusd.cn">www.bnusd.cn</a> 此错误给您带来的不便我们深感歉意</td>
</tr>
</table>
</body>
</html>

----- error_log : https://www.bnusd.cn/4321/wmapi/ : 1542007772 -----
<?xml version="1.0" encoding="utf-8"?>
<!DOCTYPE html PUBLIC "-//WAPFORUM//DTD XHTML Mobile 1.0//EN" "http://www.wapforum.org/DTD/xhtml-mobile10.dtd">
<html>
<head>
	<title>www.bnusd.cn - Mobile System Error</title>
	<meta http-equiv="Content-Type" content="text/html; charset=utf-8" />
	<meta name="ROBOTS" content="NOINDEX,NOFOLLOW,NOARCHIVE" />
	<style type="text/css">
	<!--
	body { background-color: white; color: black; }
	UL, LI { margin: 0; padding: 2px; list-style: none; }
	#message   { color: black; background-color: #FFFFCC; }
	#bodytitle { font: 11pt/13pt verdana, arial, sans-serif; height: 20px; vertical-align: top; }
	.bodytext  { font: 8pt/11pt verdana, arial, sans-serif; }
	.help  { font: 12px verdana, arial, sans-serif; color: red;}
	.red  {color: red;}
	a:link     { font: 8pt/11pt verdana, arial, sans-serif; color: red; }
	a:visited  { font: 8pt/11pt verdana, arial, sans-serif; color: #4e4e4e; }
	-->
	</style>
</head>
<body>
<table cellpadding="1" cellspacing="1" id="container">
<tr>
	<td id="bodytitle" width="100%">Discuz! Mobile System Error </td>
</tr><tr><td><hr size="1"/></td></tr>
<tr><td class="bodytext">Error messages: </td></tr>
<tr>
	<td class="bodytext" id="message">
		<ul> <li>您当前的访问请求当中含有非法字符，已经被系统拒绝</li></ul>
	</td>
</tr><tr>
	<td class="help"><br /><a href="http://www.bnusd.cn">www.bnusd.cn</a> 此错误给您带来的不便我们深感歉意</td>
</tr>
</table>
</body>
</html>

----- error_log : https://www.bnusd.cn/4321/wmapi/ : 1542007869 -----
<?xml version="1.0" encoding="utf-8"?>
<!DOCTYPE html PUBLIC "-//WAPFORUM//DTD XHTML Mobile 1.0//EN" "http://www.wapforum.org/DTD/xhtml-mobile10.dtd">
<html>
<head>
	<title>www.bnusd.cn - Mobile System Error</title>
	<meta http-equiv="Content-Type" content="text/html; charset=utf-8" />
	<meta name="ROBOTS" content="NOINDEX,NOFOLLOW,NOARCHIVE" />
	<style type="text/css">
	<!--
	body { background-color: white; color: black; }
	UL, LI { margin: 0; padding: 2px; list-style: none; }
	#message   { color: black; background-color: #FFFFCC; }
	#bodytitle { font: 11pt/13pt verdana, arial, sans-serif; height: 20px; vertical-align: top; }
	.bodytext  { font: 8pt/11pt verdana, arial, sans-serif; }
	.help  { font: 12px verdana, arial, sans-serif; color: red;}
	.red  {color: red;}
	a:link     { font: 8pt/11pt verdana, arial, sans-serif; color: red; }
	a:visited  { font: 8pt/11pt verdana, arial, sans-serif; color: #4e4e4e; }
	-->
	</style>
</head>
<body>
<table cellpadding="1" cellspacing="1" id="container">
<tr>
	<td id="bodytitle" width="100%">Discuz! Mobile System Error </td>
</tr><tr><td><hr size="1"/></td></tr>
<tr><td class="bodytext">Error messages: </td></tr>
<tr>
	<td class="bodytext" id="message">
		<ul> <li>您当前的访问请求当中含有非法字符，已经被系统拒绝</li></ul>
	</td>
</tr><tr>
	<td class="help"><br /><a href="http://www.bnusd.cn">www.bnusd.cn</a> 此错误给您带来的不便我们深感歉意</td>
</tr>
</table>
</body>
</html>

----- error_log : https://www.bnusd.cn/4321/wmapi/ : 1542007870 -----
<?xml version="1.0" encoding="utf-8"?>
<!DOCTYPE html PUBLIC "-//WAPFORUM//DTD XHTML Mobile 1.0//EN" "http://www.wapforum.org/DTD/xhtml-mobile10.dtd">
<html>
<head>
	<title>www.bnusd.cn - Mobile System Error</title>
	<meta http-equiv="Content-Type" content="text/html; charset=utf-8" />
	<meta name="ROBOTS" content="NOINDEX,NOFOLLOW,NOARCHIVE" />
	<style type="text/css">
	<!--
	body { background-color: white; color: black; }
	UL, LI { margin: 0; padding: 2px; list-style: none; }
	#message   { color: black; background-color: #FFFFCC; }
	#bodytitle { font: 11pt/13pt verdana, arial, sans-serif; height: 20px; vertical-align: top; }
	.bodytext  { font: 8pt/11pt verdana, arial, sans-serif; }
	.help  { font: 12px verdana, arial, sans-serif; color: red;}
	.red  {color: red;}
	a:link     { font: 8pt/11pt verdana, arial, sans-serif; color: red; }
	a:visited  { font: 8pt/11pt verdana, arial, sans-serif; color: #4e4e4e; }
	-->
	</style>
</head>
<body>
<table cellpadding="1" cellspacing="1" id="container">
<tr>
	<td id="bodytitle" width="100%">Discuz! Mobile System Error </td>
</tr><tr><td><hr size="1"/></td></tr>
<tr><td class="bodytext">Error messages: </td></tr>
<tr>
	<td class="bodytext" id="message">
		<ul> <li>您当前的访问请求当中含有非法字符，已经被系统拒绝</li></ul>
	</td>
</tr><tr>
	<td class="help"><br /><a href="http://www.bnusd.cn">www.bnusd.cn</a> 此错误给您带来的不便我们深感歉意</td>
</tr>
</table>
</body>
</html>

----- error_log : https://www.bnusd.cn/4321/wmapi/ : 1542007871 -----
<?xml version="1.0" encoding="utf-8"?>
<!DOCTYPE html PUBLIC "-//WAPFORUM//DTD XHTML Mobile 1.0//EN" "http://www.wapforum.org/DTD/xhtml-mobile10.dtd">
<html>
<head>
	<title>www.bnusd.cn - Mobile System Error</title>
	<meta http-equiv="Content-Type" content="text/html; charset=utf-8" />
	<meta name="ROBOTS" content="NOINDEX,NOFOLLOW,NOARCHIVE" />
	<style type="text/css">
	<!--
	body { background-color: white; color: black; }
	UL, LI { margin: 0; padding: 2px; list-style: none; }
	#message   { color: black; background-color: #FFFFCC; }
	#bodytitle { font: 11pt/13pt verdana, arial, sans-serif; height: 20px; vertical-align: top; }
	.bodytext  { font: 8pt/11pt verdana, arial, sans-serif; }
	.help  { font: 12px verdana, arial, sans-serif; color: red;}
	.red  {color: red;}
	a:link     { font: 8pt/11pt verdana, arial, sans-serif; color: red; }
	a:visited  { font: 8pt/11pt verdana, arial, sans-serif; color: #4e4e4e; }
	-->
	</style>
</head>
<body>
<table cellpadding="1" cellspacing="1" id="container">
<tr>
	<td id="bodytitle" width="100%">Discuz! Mobile System Error </td>
</tr><tr><td><hr size="1"/></td></tr>
<tr><td class="bodytext">Error messages: </td></tr>
<tr>
	<td class="bodytext" id="message">
		<ul> <li>您当前的访问请求当中含有非法字符，已经被系统拒绝</li></ul>
	</td>
</tr><tr>
	<td class="help"><br /><a href="http://www.bnusd.cn">www.bnusd.cn</a> 此错误给您带来的不便我们深感歉意</td>
</tr>
</table>
</body>
</html>

----- error_log : https://www.bnusd.cn/4321/wmapi/ : 1542007871 -----
<?xml version="1.0" encoding="utf-8"?>
<!DOCTYPE html PUBLIC "-//WAPFORUM//DTD XHTML Mobile 1.0//EN" "http://www.wapforum.org/DTD/xhtml-mobile10.dtd">
<html>
<head>
	<title>www.bnusd.cn - Mobile System Error</title>
	<meta http-equiv="Content-Type" content="text/html; charset=utf-8" />
	<meta name="ROBOTS" content="NOINDEX,NOFOLLOW,NOARCHIVE" />
	<style type="text/css">
	<!--
	body { background-color: white; color: black; }
	UL, LI { margin: 0; padding: 2px; list-style: none; }
	#message   { color: black; background-color: #FFFFCC; }
	#bodytitle { font: 11pt/13pt verdana, arial, sans-serif; height: 20px; vertical-align: top; }
	.bodytext  { font: 8pt/11pt verdana, arial, sans-serif; }
	.help  { font: 12px verdana, arial, sans-serif; color: red;}
	.red  {color: red;}
	a:link     { font: 8pt/11pt verdana, arial, sans-serif; color: red; }
	a:visited  { font: 8pt/11pt verdana, arial, sans-serif; color: #4e4e4e; }
	-->
	</style>
</head>
<body>
<table cellpadding="1" cellspacing="1" id="container">
<tr>
	<td id="bodytitle" width="100%">Discuz! Mobile System Error </td>
</tr><tr><td><hr size="1"/></td></tr>
<tr><td class="bodytext">Error messages: </td></tr>
<tr>
	<td class="bodytext" id="message">
		<ul> <li>您当前的访问请求当中含有非法字符，已经被系统拒绝</li></ul>
	</td>
</tr><tr>
	<td class="help"><br /><a href="http://www.bnusd.cn">www.bnusd.cn</a> 此错误给您带来的不便我们深感歉意</td>
</tr>
</table>
</body>
</html>

----- error_log : https://www.bnusd.cn/4321/wmapi/ : 1542007871 -----
<?xml version="1.0" encoding="utf-8"?>
<!DOCTYPE html PUBLIC "-//WAPFORUM//DTD XHTML Mobile 1.0//EN" "http://www.wapforum.org/DTD/xhtml-mobile10.dtd">
<html>
<head>
	<title>www.bnusd.cn - Mobile System Error</title>
	<meta http-equiv="Content-Type" content="text/html; charset=utf-8" />
	<meta name="ROBOTS" content="NOINDEX,NOFOLLOW,NOARCHIVE" />
	<style type="text/css">
	<!--
	body { background-color: white; color: black; }
	UL, LI { margin: 0; padding: 2px; list-style: none; }
	#message   { color: black; background-color: #FFFFCC; }
	#bodytitle { font: 11pt/13pt verdana, arial, sans-serif; height: 20px; vertical-align: top; }
	.bodytext  { font: 8pt/11pt verdana, arial, sans-serif; }
	.help  { font: 12px verdana, arial, sans-serif; color: red;}
	.red  {color: red;}
	a:link     { font: 8pt/11pt verdana, arial, sans-serif; color: red; }
	a:visited  { font: 8pt/11pt verdana, arial, sans-serif; color: #4e4e4e; }
	-->
	</style>
</head>
<body>
<table cellpadding="1" cellspacing="1" id="container">
<tr>
	<td id="bodytitle" width="100%">Discuz! Mobile System Error </td>
</tr><tr><td><hr size="1"/></td></tr>
<tr><td class="bodytext">Error messages: </td></tr>
<tr>
	<td class="bodytext" id="message">
		<ul> <li>您当前的访问请求当中含有非法字符，已经被系统拒绝</li></ul>
	</td>
</tr><tr>
	<td class="help"><br /><a href="http://www.bnusd.cn">www.bnusd.cn</a> 此错误给您带来的不便我们深感歉意</td>
</tr>
</table>
</body>
</html>
