
----- error_log : https://www.bnusd.cn/4321/wmapi/ : 1542452023 -----
<?xml version="1.0" encoding="utf-8"?>
<!DOCTYPE html PUBLIC "-//WAPFORUM//DTD XHTML Mobile 1.0//EN" "http://www.wapforum.org/DTD/xhtml-mobile10.dtd">
<html>
<head>
	<title>www.bnusd.cn - Mobile System Error</title>
	<meta http-equiv="Content-Type" content="text/html; charset=utf-8" />
	<meta name="ROBOTS" content="NOINDEX,NOFOLLOW,NOARCHIVE" />
	<style type="text/css">
	<!--
	body { background-color: white; color: black; }
	UL, LI { margin: 0; padding: 2px; list-style: none; }
	#message   { color: black; background-color: #FFFFCC; }
	#bodytitle { font: 11pt/13pt verdana, arial, sans-serif; height: 20px; vertical-align: top; }
	.bodytext  { font: 8pt/11pt verdana, arial, sans-serif; }
	.help  { font: 12px verdana, arial, sans-serif; color: red;}
	.red  {color: red;}
	a:link     { font: 8pt/11pt verdana, arial, sans-serif; color: red; }
	a:visited  { font: 8pt/11pt verdana, arial, sans-serif; color: #4e4e4e; }
	-->
	</style>
</head>
<body>
<table cellpadding="1" cellspacing="1" id="container">
<tr>
	<td id="bodytitle" width="100%">Discuz! Mobile System Error </td>
</tr><tr><td><hr size="1"/></td></tr>
<tr><td class="bodytext">Error messages: </td></tr>
<tr>
	<td class="bodytext" id="message">
		<ul> <li>您当前的访问请求当中含有非法字符，已经被系统拒绝</li></ul>
	</td>
</tr><tr>
	<td class="help"><br /><a href="http://www.bnusd.cn">www.bnusd.cn</a> 此错误给您带来的不便我们深感歉意</td>
</tr>
</table>
</body>
</html>

----- error_log : https://www.bnusd.cn/4321/wmapi/ : 1542452027 -----
<?xml version="1.0" encoding="utf-8"?>
<!DOCTYPE html PUBLIC "-//WAPFORUM//DTD XHTML Mobile 1.0//EN" "http://www.wapforum.org/DTD/xhtml-mobile10.dtd">
<html>
<head>
	<title>www.bnusd.cn - Mobile System Error</title>
	<meta http-equiv="Content-Type" content="text/html; charset=utf-8" />
	<meta name="ROBOTS" content="NOINDEX,NOFOLLOW,NOARCHIVE" />
	<style type="text/css">
	<!--
	body { background-color: white; color: black; }
	UL, LI { margin: 0; padding: 2px; list-style: none; }
	#message   { color: black; background-color: #FFFFCC; }
	#bodytitle { font: 11pt/13pt verdana, arial, sans-serif; height: 20px; vertical-align: top; }
	.bodytext  { font: 8pt/11pt verdana, arial, sans-serif; }
	.help  { font: 12px verdana, arial, sans-serif; color: red;}
	.red  {color: red;}
	a:link     { font: 8pt/11pt verdana, arial, sans-serif; color: red; }
	a:visited  { font: 8pt/11pt verdana, arial, sans-serif; color: #4e4e4e; }
	-->
	</style>
</head>
<body>
<table cellpadding="1" cellspacing="1" id="container">
<tr>
	<td id="bodytitle" width="100%">Discuz! Mobile System Error </td>
</tr><tr><td><hr size="1"/></td></tr>
<tr><td class="bodytext">Error messages: </td></tr>
<tr>
	<td class="bodytext" id="message">
		<ul> <li>您当前的访问请求当中含有非法字符，已经被系统拒绝</li></ul>
	</td>
</tr><tr>
	<td class="help"><br /><a href="http://www.bnusd.cn">www.bnusd.cn</a> 此错误给您带来的不便我们深感歉意</td>
</tr>
</table>
</body>
</html>

----- error_log : https://www.bnusd.cn/4321/wmapi/ : 1542452028 -----
<?xml version="1.0" encoding="utf-8"?>
<!DOCTYPE html PUBLIC "-//WAPFORUM//DTD XHTML Mobile 1.0//EN" "http://www.wapforum.org/DTD/xhtml-mobile10.dtd">
<html>
<head>
	<title>www.bnusd.cn - Mobile System Error</title>
	<meta http-equiv="Content-Type" content="text/html; charset=utf-8" />
	<meta name="ROBOTS" content="NOINDEX,NOFOLLOW,NOARCHIVE" />
	<style type="text/css">
	<!--
	body { background-color: white; color: black; }
	UL, LI { margin: 0; padding: 2px; list-style: none; }
	#message   { color: black; background-color: #FFFFCC; }
	#bodytitle { font: 11pt/13pt verdana, arial, sans-serif; height: 20px; vertical-align: top; }
	.bodytext  { font: 8pt/11pt verdana, arial, sans-serif; }
	.help  { font: 12px verdana, arial, sans-serif; color: red;}
	.red  {color: red;}
	a:link     { font: 8pt/11pt verdana, arial, sans-serif; color: red; }
	a:visited  { font: 8pt/11pt verdana, arial, sans-serif; color: #4e4e4e; }
	-->
	</style>
</head>
<body>
<table cellpadding="1" cellspacing="1" id="container">
<tr>
	<td id="bodytitle" width="100%">Discuz! Mobile System Error </td>
</tr><tr><td><hr size="1"/></td></tr>
<tr><td class="bodytext">Error messages: </td></tr>
<tr>
	<td class="bodytext" id="message">
		<ul> <li>您当前的访问请求当中含有非法字符，已经被系统拒绝</li></ul>
	</td>
</tr><tr>
	<td class="help"><br /><a href="http://www.bnusd.cn">www.bnusd.cn</a> 此错误给您带来的不便我们深感歉意</td>
</tr>
</table>
</body>
</html>

----- error_log : https://www.bnusd.cn/4321/wmapi/ : 1542452028 -----
<?xml version="1.0" encoding="utf-8"?>
<!DOCTYPE html PUBLIC "-//WAPFORUM//DTD XHTML Mobile 1.0//EN" "http://www.wapforum.org/DTD/xhtml-mobile10.dtd">
<html>
<head>
	<title>www.bnusd.cn - Mobile System Error</title>
	<meta http-equiv="Content-Type" content="text/html; charset=utf-8" />
	<meta name="ROBOTS" content="NOINDEX,NOFOLLOW,NOARCHIVE" />
	<style type="text/css">
	<!--
	body { background-color: white; color: black; }
	UL, LI { margin: 0; padding: 2px; list-style: none; }
	#message   { color: black; background-color: #FFFFCC; }
	#bodytitle { font: 11pt/13pt verdana, arial, sans-serif; height: 20px; vertical-align: top; }
	.bodytext  { font: 8pt/11pt verdana, arial, sans-serif; }
	.help  { font: 12px verdana, arial, sans-serif; color: red;}
	.red  {color: red;}
	a:link     { font: 8pt/11pt verdana, arial, sans-serif; color: red; }
	a:visited  { font: 8pt/11pt verdana, arial, sans-serif; color: #4e4e4e; }
	-->
	</style>
</head>
<body>
<table cellpadding="1" cellspacing="1" id="container">
<tr>
	<td id="bodytitle" width="100%">Discuz! Mobile System Error </td>
</tr><tr><td><hr size="1"/></td></tr>
<tr><td class="bodytext">Error messages: </td></tr>
<tr>
	<td class="bodytext" id="message">
		<ul> <li>您当前的访问请求当中含有非法字符，已经被系统拒绝</li></ul>
	</td>
</tr><tr>
	<td class="help"><br /><a href="http://www.bnusd.cn">www.bnusd.cn</a> 此错误给您带来的不便我们深感歉意</td>
</tr>
</table>
</body>
</html>

----- error_log : https://www.bnusd.cn/4321/wmapi/ : 1542452029 -----
<?xml version="1.0" encoding="utf-8"?>
<!DOCTYPE html PUBLIC "-//WAPFORUM//DTD XHTML Mobile 1.0//EN" "http://www.wapforum.org/DTD/xhtml-mobile10.dtd">
<html>
<head>
	<title>www.bnusd.cn - Mobile System Error</title>
	<meta http-equiv="Content-Type" content="text/html; charset=utf-8" />
	<meta name="ROBOTS" content="NOINDEX,NOFOLLOW,NOARCHIVE" />
	<style type="text/css">
	<!--
	body { background-color: white; color: black; }
	UL, LI { margin: 0; padding: 2px; list-style: none; }
	#message   { color: black; background-color: #FFFFCC; }
	#bodytitle { font: 11pt/13pt verdana, arial, sans-serif; height: 20px; vertical-align: top; }
	.bodytext  { font: 8pt/11pt verdana, arial, sans-serif; }
	.help  { font: 12px verdana, arial, sans-serif; color: red;}
	.red  {color: red;}
	a:link     { font: 8pt/11pt verdana, arial, sans-serif; color: red; }
	a:visited  { font: 8pt/11pt verdana, arial, sans-serif; color: #4e4e4e; }
	-->
	</style>
</head>
<body>
<table cellpadding="1" cellspacing="1" id="container">
<tr>
	<td id="bodytitle" width="100%">Discuz! Mobile System Error </td>
</tr><tr><td><hr size="1"/></td></tr>
<tr><td class="bodytext">Error messages: </td></tr>
<tr>
	<td class="bodytext" id="message">
		<ul> <li>您当前的访问请求当中含有非法字符，已经被系统拒绝</li></ul>
	</td>
</tr><tr>
	<td class="help"><br /><a href="http://www.bnusd.cn">www.bnusd.cn</a> 此错误给您带来的不便我们深感歉意</td>
</tr>
</table>
</body>
</html>

----- error_log : https://www.bnusd.cn/4321/wmapi/ : 1542452051 -----
<?xml version="1.0" encoding="utf-8"?>
<!DOCTYPE html PUBLIC "-//WAPFORUM//DTD XHTML Mobile 1.0//EN" "http://www.wapforum.org/DTD/xhtml-mobile10.dtd">
<html>
<head>
	<title>www.bnusd.cn - Mobile System Error</title>
	<meta http-equiv="Content-Type" content="text/html; charset=utf-8" />
	<meta name="ROBOTS" content="NOINDEX,NOFOLLOW,NOARCHIVE" />
	<style type="text/css">
	<!--
	body { background-color: white; color: black; }
	UL, LI { margin: 0; padding: 2px; list-style: none; }
	#message   { color: black; background-color: #FFFFCC; }
	#bodytitle { font: 11pt/13pt verdana, arial, sans-serif; height: 20px; vertical-align: top; }
	.bodytext  { font: 8pt/11pt verdana, arial, sans-serif; }
	.help  { font: 12px verdana, arial, sans-serif; color: red;}
	.red  {color: red;}
	a:link     { font: 8pt/11pt verdana, arial, sans-serif; color: red; }
	a:visited  { font: 8pt/11pt verdana, arial, sans-serif; color: #4e4e4e; }
	-->
	</style>
</head>
<body>
<table cellpadding="1" cellspacing="1" id="container">
<tr>
	<td id="bodytitle" width="100%">Discuz! Mobile System Error </td>
</tr><tr><td><hr size="1"/></td></tr>
<tr><td class="bodytext">Error messages: </td></tr>
<tr>
	<td class="bodytext" id="message">
		<ul> <li>您当前的访问请求当中含有非法字符，已经被系统拒绝</li></ul>
	</td>
</tr><tr>
	<td class="help"><br /><a href="http://www.bnusd.cn">www.bnusd.cn</a> 此错误给您带来的不便我们深感歉意</td>
</tr>
</table>
</body>
</html>

----- error_log : https://www.bnusd.cn/4321/wmapi/ : 1542452053 -----
<?xml version="1.0" encoding="utf-8"?>
<!DOCTYPE html PUBLIC "-//WAPFORUM//DTD XHTML Mobile 1.0//EN" "http://www.wapforum.org/DTD/xhtml-mobile10.dtd">
<html>
<head>
	<title>www.bnusd.cn - Mobile System Error</title>
	<meta http-equiv="Content-Type" content="text/html; charset=utf-8" />
	<meta name="ROBOTS" content="NOINDEX,NOFOLLOW,NOARCHIVE" />
	<style type="text/css">
	<!--
	body { background-color: white; color: black; }
	UL, LI { margin: 0; padding: 2px; list-style: none; }
	#message   { color: black; background-color: #FFFFCC; }
	#bodytitle { font: 11pt/13pt verdana, arial, sans-serif; height: 20px; vertical-align: top; }
	.bodytext  { font: 8pt/11pt verdana, arial, sans-serif; }
	.help  { font: 12px verdana, arial, sans-serif; color: red;}
	.red  {color: red;}
	a:link     { font: 8pt/11pt verdana, arial, sans-serif; color: red; }
	a:visited  { font: 8pt/11pt verdana, arial, sans-serif; color: #4e4e4e; }
	-->
	</style>
</head>
<body>
<table cellpadding="1" cellspacing="1" id="container">
<tr>
	<td id="bodytitle" width="100%">Discuz! Mobile System Error </td>
</tr><tr><td><hr size="1"/></td></tr>
<tr><td class="bodytext">Error messages: </td></tr>
<tr>
	<td class="bodytext" id="message">
		<ul> <li>您当前的访问请求当中含有非法字符，已经被系统拒绝</li></ul>
	</td>
</tr><tr>
	<td class="help"><br /><a href="http://www.bnusd.cn">www.bnusd.cn</a> 此错误给您带来的不便我们深感歉意</td>
</tr>
</table>
</body>
</html>

----- error_log : https://www.bnusd.cn/4321/wmapi/ : 1542452053 -----
<?xml version="1.0" encoding="utf-8"?>
<!DOCTYPE html PUBLIC "-//WAPFORUM//DTD XHTML Mobile 1.0//EN" "http://www.wapforum.org/DTD/xhtml-mobile10.dtd">
<html>
<head>
	<title>www.bnusd.cn - Mobile System Error</title>
	<meta http-equiv="Content-Type" content="text/html; charset=utf-8" />
	<meta name="ROBOTS" content="NOINDEX,NOFOLLOW,NOARCHIVE" />
	<style type="text/css">
	<!--
	body { background-color: white; color: black; }
	UL, LI { margin: 0; padding: 2px; list-style: none; }
	#message   { color: black; background-color: #FFFFCC; }
	#bodytitle { font: 11pt/13pt verdana, arial, sans-serif; height: 20px; vertical-align: top; }
	.bodytext  { font: 8pt/11pt verdana, arial, sans-serif; }
	.help  { font: 12px verdana, arial, sans-serif; color: red;}
	.red  {color: red;}
	a:link     { font: 8pt/11pt verdana, arial, sans-serif; color: red; }
	a:visited  { font: 8pt/11pt verdana, arial, sans-serif; color: #4e4e4e; }
	-->
	</style>
</head>
<body>
<table cellpadding="1" cellspacing="1" id="container">
<tr>
	<td id="bodytitle" width="100%">Discuz! Mobile System Error </td>
</tr><tr><td><hr size="1"/></td></tr>
<tr><td class="bodytext">Error messages: </td></tr>
<tr>
	<td class="bodytext" id="message">
		<ul> <li>您当前的访问请求当中含有非法字符，已经被系统拒绝</li></ul>
	</td>
</tr><tr>
	<td class="help"><br /><a href="http://www.bnusd.cn">www.bnusd.cn</a> 此错误给您带来的不便我们深感歉意</td>
</tr>
</table>
</body>
</html>

----- error_log : https://www.bnusd.cn/4321/wmapi/ : 1542452055 -----
<?xml version="1.0" encoding="utf-8"?>
<!DOCTYPE html PUBLIC "-//WAPFORUM//DTD XHTML Mobile 1.0//EN" "http://www.wapforum.org/DTD/xhtml-mobile10.dtd">
<html>
<head>
	<title>www.bnusd.cn - Mobile System Error</title>
	<meta http-equiv="Content-Type" content="text/html; charset=utf-8" />
	<meta name="ROBOTS" content="NOINDEX,NOFOLLOW,NOARCHIVE" />
	<style type="text/css">
	<!--
	body { background-color: white; color: black; }
	UL, LI { margin: 0; padding: 2px; list-style: none; }
	#message   { color: black; background-color: #FFFFCC; }
	#bodytitle { font: 11pt/13pt verdana, arial, sans-serif; height: 20px; vertical-align: top; }
	.bodytext  { font: 8pt/11pt verdana, arial, sans-serif; }
	.help  { font: 12px verdana, arial, sans-serif; color: red;}
	.red  {color: red;}
	a:link     { font: 8pt/11pt verdana, arial, sans-serif; color: red; }
	a:visited  { font: 8pt/11pt verdana, arial, sans-serif; color: #4e4e4e; }
	-->
	</style>
</head>
<body>
<table cellpadding="1" cellspacing="1" id="container">
<tr>
	<td id="bodytitle" width="100%">Discuz! Mobile System Error </td>
</tr><tr><td><hr size="1"/></td></tr>
<tr><td class="bodytext">Error messages: </td></tr>
<tr>
	<td class="bodytext" id="message">
		<ul> <li>您当前的访问请求当中含有非法字符，已经被系统拒绝</li></ul>
	</td>
</tr><tr>
	<td class="help"><br /><a href="http://www.bnusd.cn">www.bnusd.cn</a> 此错误给您带来的不便我们深感歉意</td>
</tr>
</table>
</body>
</html>

----- error_log : https://www.bnusd.cn/4321/wmapi/ : 1542452075 -----
<?xml version="1.0" encoding="utf-8"?>
<!DOCTYPE html PUBLIC "-//WAPFORUM//DTD XHTML Mobile 1.0//EN" "http://www.wapforum.org/DTD/xhtml-mobile10.dtd">
<html>
<head>
	<title>www.bnusd.cn - Mobile System Error</title>
	<meta http-equiv="Content-Type" content="text/html; charset=utf-8" />
	<meta name="ROBOTS" content="NOINDEX,NOFOLLOW,NOARCHIVE" />
	<style type="text/css">
	<!--
	body { background-color: white; color: black; }
	UL, LI { margin: 0; padding: 2px; list-style: none; }
	#message   { color: black; background-color: #FFFFCC; }
	#bodytitle { font: 11pt/13pt verdana, arial, sans-serif; height: 20px; vertical-align: top; }
	.bodytext  { font: 8pt/11pt verdana, arial, sans-serif; }
	.help  { font: 12px verdana, arial, sans-serif; color: red;}
	.red  {color: red;}
	a:link     { font: 8pt/11pt verdana, arial, sans-serif; color: red; }
	a:visited  { font: 8pt/11pt verdana, arial, sans-serif; color: #4e4e4e; }
	-->
	</style>
</head>
<body>
<table cellpadding="1" cellspacing="1" id="container">
<tr>
	<td id="bodytitle" width="100%">Discuz! Mobile System Error </td>
</tr><tr><td><hr size="1"/></td></tr>
<tr><td class="bodytext">Error messages: </td></tr>
<tr>
	<td class="bodytext" id="message">
		<ul> <li>您当前的访问请求当中含有非法字符，已经被系统拒绝</li></ul>
	</td>
</tr><tr>
	<td class="help"><br /><a href="http://www.bnusd.cn">www.bnusd.cn</a> 此错误给您带来的不便我们深感歉意</td>
</tr>
</table>
</body>
</html>

----- error_log : https://www.bnusd.cn/4321/wmapi/ : 1542452103 -----
<?xml version="1.0" encoding="utf-8"?>
<!DOCTYPE html PUBLIC "-//WAPFORUM//DTD XHTML Mobile 1.0//EN" "http://www.wapforum.org/DTD/xhtml-mobile10.dtd">
<html>
<head>
	<title>www.bnusd.cn - Mobile System Error</title>
	<meta http-equiv="Content-Type" content="text/html; charset=utf-8" />
	<meta name="ROBOTS" content="NOINDEX,NOFOLLOW,NOARCHIVE" />
	<style type="text/css">
	<!--
	body { background-color: white; color: black; }
	UL, LI { margin: 0; padding: 2px; list-style: none; }
	#message   { color: black; background-color: #FFFFCC; }
	#bodytitle { font: 11pt/13pt verdana, arial, sans-serif; height: 20px; vertical-align: top; }
	.bodytext  { font: 8pt/11pt verdana, arial, sans-serif; }
	.help  { font: 12px verdana, arial, sans-serif; color: red;}
	.red  {color: red;}
	a:link     { font: 8pt/11pt verdana, arial, sans-serif; color: red; }
	a:visited  { font: 8pt/11pt verdana, arial, sans-serif; color: #4e4e4e; }
	-->
	</style>
</head>
<body>
<table cellpadding="1" cellspacing="1" id="container">
<tr>
	<td id="bodytitle" width="100%">Discuz! Mobile System Error </td>
</tr><tr><td><hr size="1"/></td></tr>
<tr><td class="bodytext">Error messages: </td></tr>
<tr>
	<td class="bodytext" id="message">
		<ul> <li>您当前的访问请求当中含有非法字符，已经被系统拒绝</li></ul>
	</td>
</tr><tr>
	<td class="help"><br /><a href="http://www.bnusd.cn">www.bnusd.cn</a> 此错误给您带来的不便我们深感歉意</td>
</tr>
</table>
</body>
</html>

----- error_log : https://www.bnusd.cn/4321/wmapi/ : 1542452109 -----
<?xml version="1.0" encoding="utf-8"?>
<!DOCTYPE html PUBLIC "-//WAPFORUM//DTD XHTML Mobile 1.0//EN" "http://www.wapforum.org/DTD/xhtml-mobile10.dtd">
<html>
<head>
	<title>www.bnusd.cn - Mobile System Error</title>
	<meta http-equiv="Content-Type" content="text/html; charset=utf-8" />
	<meta name="ROBOTS" content="NOINDEX,NOFOLLOW,NOARCHIVE" />
	<style type="text/css">
	<!--
	body { background-color: white; color: black; }
	UL, LI { margin: 0; padding: 2px; list-style: none; }
	#message   { color: black; background-color: #FFFFCC; }
	#bodytitle { font: 11pt/13pt verdana, arial, sans-serif; height: 20px; vertical-align: top; }
	.bodytext  { font: 8pt/11pt verdana, arial, sans-serif; }
	.help  { font: 12px verdana, arial, sans-serif; color: red;}
	.red  {color: red;}
	a:link     { font: 8pt/11pt verdana, arial, sans-serif; color: red; }
	a:visited  { font: 8pt/11pt verdana, arial, sans-serif; color: #4e4e4e; }
	-->
	</style>
</head>
<body>
<table cellpadding="1" cellspacing="1" id="container">
<tr>
	<td id="bodytitle" width="100%">Discuz! Mobile System Error </td>
</tr><tr><td><hr size="1"/></td></tr>
<tr><td class="bodytext">Error messages: </td></tr>
<tr>
	<td class="bodytext" id="message">
		<ul> <li>您当前的访问请求当中含有非法字符，已经被系统拒绝</li></ul>
	</td>
</tr><tr>
	<td class="help"><br /><a href="http://www.bnusd.cn">www.bnusd.cn</a> 此错误给您带来的不便我们深感歉意</td>
</tr>
</table>
</body>
</html>

----- error_log : https://www.bnusd.cn/4321/wmapi/ : 1542452114 -----
<?xml version="1.0" encoding="utf-8"?>
<!DOCTYPE html PUBLIC "-//WAPFORUM//DTD XHTML Mobile 1.0//EN" "http://www.wapforum.org/DTD/xhtml-mobile10.dtd">
<html>
<head>
	<title>www.bnusd.cn - Mobile System Error</title>
	<meta http-equiv="Content-Type" content="text/html; charset=utf-8" />
	<meta name="ROBOTS" content="NOINDEX,NOFOLLOW,NOARCHIVE" />
	<style type="text/css">
	<!--
	body { background-color: white; color: black; }
	UL, LI { margin: 0; padding: 2px; list-style: none; }
	#message   { color: black; background-color: #FFFFCC; }
	#bodytitle { font: 11pt/13pt verdana, arial, sans-serif; height: 20px; vertical-align: top; }
	.bodytext  { font: 8pt/11pt verdana, arial, sans-serif; }
	.help  { font: 12px verdana, arial, sans-serif; color: red;}
	.red  {color: red;}
	a:link     { font: 8pt/11pt verdana, arial, sans-serif; color: red; }
	a:visited  { font: 8pt/11pt verdana, arial, sans-serif; color: #4e4e4e; }
	-->
	</style>
</head>
<body>
<table cellpadding="1" cellspacing="1" id="container">
<tr>
	<td id="bodytitle" width="100%">Discuz! Mobile System Error </td>
</tr><tr><td><hr size="1"/></td></tr>
<tr><td class="bodytext">Error messages: </td></tr>
<tr>
	<td class="bodytext" id="message">
		<ul> <li>您当前的访问请求当中含有非法字符，已经被系统拒绝</li></ul>
	</td>
</tr><tr>
	<td class="help"><br /><a href="http://www.bnusd.cn">www.bnusd.cn</a> 此错误给您带来的不便我们深感歉意</td>
</tr>
</table>
</body>
</html>

----- error_log : https://www.bnusd.cn/4321/wmapi/ : 1542452115 -----
<?xml version="1.0" encoding="utf-8"?>
<!DOCTYPE html PUBLIC "-//WAPFORUM//DTD XHTML Mobile 1.0//EN" "http://www.wapforum.org/DTD/xhtml-mobile10.dtd">
<html>
<head>
	<title>www.bnusd.cn - Mobile System Error</title>
	<meta http-equiv="Content-Type" content="text/html; charset=utf-8" />
	<meta name="ROBOTS" content="NOINDEX,NOFOLLOW,NOARCHIVE" />
	<style type="text/css">
	<!--
	body { background-color: white; color: black; }
	UL, LI { margin: 0; padding: 2px; list-style: none; }
	#message   { color: black; background-color: #FFFFCC; }
	#bodytitle { font: 11pt/13pt verdana, arial, sans-serif; height: 20px; vertical-align: top; }
	.bodytext  { font: 8pt/11pt verdana, arial, sans-serif; }
	.help  { font: 12px verdana, arial, sans-serif; color: red;}
	.red  {color: red;}
	a:link     { font: 8pt/11pt verdana, arial, sans-serif; color: red; }
	a:visited  { font: 8pt/11pt verdana, arial, sans-serif; color: #4e4e4e; }
	-->
	</style>
</head>
<body>
<table cellpadding="1" cellspacing="1" id="container">
<tr>
	<td id="bodytitle" width="100%">Discuz! Mobile System Error </td>
</tr><tr><td><hr size="1"/></td></tr>
<tr><td class="bodytext">Error messages: </td></tr>
<tr>
	<td class="bodytext" id="message">
		<ul> <li>您当前的访问请求当中含有非法字符，已经被系统拒绝</li></ul>
	</td>
</tr><tr>
	<td class="help"><br /><a href="http://www.bnusd.cn">www.bnusd.cn</a> 此错误给您带来的不便我们深感歉意</td>
</tr>
</table>
</body>
</html>

----- error_log : https://www.bnusd.cn/4321/wmapi/ : 1542452117 -----
<?xml version="1.0" encoding="utf-8"?>
<!DOCTYPE html PUBLIC "-//WAPFORUM//DTD XHTML Mobile 1.0//EN" "http://www.wapforum.org/DTD/xhtml-mobile10.dtd">
<html>
<head>
	<title>www.bnusd.cn - Mobile System Error</title>
	<meta http-equiv="Content-Type" content="text/html; charset=utf-8" />
	<meta name="ROBOTS" content="NOINDEX,NOFOLLOW,NOARCHIVE" />
	<style type="text/css">
	<!--
	body { background-color: white; color: black; }
	UL, LI { margin: 0; padding: 2px; list-style: none; }
	#message   { color: black; background-color: #FFFFCC; }
	#bodytitle { font: 11pt/13pt verdana, arial, sans-serif; height: 20px; vertical-align: top; }
	.bodytext  { font: 8pt/11pt verdana, arial, sans-serif; }
	.help  { font: 12px verdana, arial, sans-serif; color: red;}
	.red  {color: red;}
	a:link     { font: 8pt/11pt verdana, arial, sans-serif; color: red; }
	a:visited  { font: 8pt/11pt verdana, arial, sans-serif; color: #4e4e4e; }
	-->
	</style>
</head>
<body>
<table cellpadding="1" cellspacing="1" id="container">
<tr>
	<td id="bodytitle" width="100%">Discuz! Mobile System Error </td>
</tr><tr><td><hr size="1"/></td></tr>
<tr><td class="bodytext">Error messages: </td></tr>
<tr>
	<td class="bodytext" id="message">
		<ul> <li>您当前的访问请求当中含有非法字符，已经被系统拒绝</li></ul>
	</td>
</tr><tr>
	<td class="help"><br /><a href="http://www.bnusd.cn">www.bnusd.cn</a> 此错误给您带来的不便我们深感歉意</td>
</tr>
</table>
</body>
</html>
